[2025-08-21T08:56:55.575+0000] {processor.py:157} INFO - Started process (PID=167) to work on /opt/airflow/dags/stock_dag.py
[2025-08-21T08:56:55.577+0000] {processor.py:829} INFO - Processing file /opt/airflow/dags/stock_dag.py for tasks to queue
[2025-08-21T08:56:55.578+0000] {logging_mixin.py:151} INFO - [2025-08-21T08:56:55.578+0000] {dagbag.py:539} INFO - Filling up the DagBag from /opt/airflow/dags/stock_dag.py
[2025-08-21T08:56:55.616+0000] {processor.py:839} INFO - DAG(s) dict_keys(['stock_fetch_pipeline']) retrieved from /opt/airflow/dags/stock_dag.py
[2025-08-21T08:56:55.860+0000] {logging_mixin.py:151} INFO - [2025-08-21T08:56:55.859+0000] {manager.py:499} INFO - Created Permission View: %s
[2025-08-21T08:56:55.865+0000] {logging_mixin.py:151} INFO - [2025-08-21T08:56:55.865+0000] {manager.py:499} INFO - Created Permission View: %s
[2025-08-21T08:56:55.868+0000] {logging_mixin.py:151} INFO - [2025-08-21T08:56:55.868+0000] {manager.py:499} INFO - Created Permission View: %s
[2025-08-21T08:56:55.869+0000] {logging_mixin.py:151} INFO - [2025-08-21T08:56:55.868+0000] {security.py:708} INFO - Not syncing DAG-level permissions for DAG 'DAG:stock_fetch_pipeline' as access control is unset.
[2025-08-21T08:56:55.869+0000] {logging_mixin.py:151} INFO - [2025-08-21T08:56:55.869+0000] {dag.py:2915} INFO - Sync 1 DAGs
[2025-08-21T08:56:55.875+0000] {logging_mixin.py:151} INFO - [2025-08-21T08:56:55.874+0000] {dag.py:2937} INFO - Creating ORM DAG for stock_fetch_pipeline
[2025-08-21T08:56:55.882+0000] {logging_mixin.py:151} INFO - [2025-08-21T08:56:55.882+0000] {dag.py:3696} INFO - Setting next_dagrun for stock_fetch_pipeline to 2025-08-21T07:00:00+00:00, run_after=2025-08-21T08:00:00+00:00
[2025-08-21T08:56:55.901+0000] {processor.py:179} INFO - Processing /opt/airflow/dags/stock_dag.py took 0.332 seconds
[2025-08-21T08:57:26.131+0000] {processor.py:157} INFO - Started process (PID=172) to work on /opt/airflow/dags/stock_dag.py
[2025-08-21T08:57:26.132+0000] {processor.py:829} INFO - Processing file /opt/airflow/dags/stock_dag.py for tasks to queue
[2025-08-21T08:57:26.133+0000] {logging_mixin.py:151} INFO - [2025-08-21T08:57:26.132+0000] {dagbag.py:539} INFO - Filling up the DagBag from /opt/airflow/dags/stock_dag.py
[2025-08-21T08:57:26.150+0000] {processor.py:839} INFO - DAG(s) dict_keys(['stock_fetch_pipeline']) retrieved from /opt/airflow/dags/stock_dag.py
[2025-08-21T08:57:26.162+0000] {logging_mixin.py:151} INFO - [2025-08-21T08:57:26.162+0000] {dag.py:2915} INFO - Sync 1 DAGs
[2025-08-21T08:57:26.191+0000] {logging_mixin.py:151} INFO - [2025-08-21T08:57:26.190+0000] {dag.py:3696} INFO - Setting next_dagrun for stock_fetch_pipeline to 2025-08-21T07:00:00+00:00, run_after=2025-08-21T08:00:00+00:00
[2025-08-21T08:57:26.206+0000] {processor.py:179} INFO - Processing /opt/airflow/dags/stock_dag.py took 0.080 seconds
[2025-08-21T08:57:56.463+0000] {processor.py:157} INFO - Started process (PID=177) to work on /opt/airflow/dags/stock_dag.py
[2025-08-21T08:57:56.464+0000] {processor.py:829} INFO - Processing file /opt/airflow/dags/stock_dag.py for tasks to queue
[2025-08-21T08:57:56.465+0000] {logging_mixin.py:151} INFO - [2025-08-21T08:57:56.465+0000] {dagbag.py:539} INFO - Filling up the DagBag from /opt/airflow/dags/stock_dag.py
[2025-08-21T08:57:56.484+0000] {processor.py:839} INFO - DAG(s) dict_keys(['stock_fetch_pipeline']) retrieved from /opt/airflow/dags/stock_dag.py
[2025-08-21T08:57:56.606+0000] {logging_mixin.py:151} INFO - [2025-08-21T08:57:56.606+0000] {security.py:708} INFO - Not syncing DAG-level permissions for DAG 'DAG:stock_fetch_pipeline' as access control is unset.
[2025-08-21T08:57:56.607+0000] {logging_mixin.py:151} INFO - [2025-08-21T08:57:56.607+0000] {dag.py:2915} INFO - Sync 1 DAGs
[2025-08-21T08:57:56.854+0000] {logging_mixin.py:151} INFO - [2025-08-21T08:57:56.854+0000] {dag.py:3696} INFO - Setting next_dagrun for stock_fetch_pipeline to 2025-08-21T07:00:00+00:00, run_after=2025-08-21T08:00:00+00:00
[2025-08-21T08:57:56.872+0000] {processor.py:179} INFO - Processing /opt/airflow/dags/stock_dag.py took 0.413 seconds
[2025-08-21T08:58:27.215+0000] {processor.py:157} INFO - Started process (PID=185) to work on /opt/airflow/dags/stock_dag.py
[2025-08-21T08:58:27.216+0000] {processor.py:829} INFO - Processing file /opt/airflow/dags/stock_dag.py for tasks to queue
[2025-08-21T08:58:27.217+0000] {logging_mixin.py:151} INFO - [2025-08-21T08:58:27.217+0000] {dagbag.py:539} INFO - Filling up the DagBag from /opt/airflow/dags/stock_dag.py
[2025-08-21T08:58:27.232+0000] {processor.py:839} INFO - DAG(s) dict_keys(['stock_fetch_pipeline']) retrieved from /opt/airflow/dags/stock_dag.py
[2025-08-21T08:58:27.266+0000] {logging_mixin.py:151} INFO - [2025-08-21T08:58:27.266+0000] {dag.py:2915} INFO - Sync 1 DAGs
[2025-08-21T08:58:27.299+0000] {processor.py:179} INFO - Processing /opt/airflow/dags/stock_dag.py took 0.088 seconds
[2025-08-21T08:58:57.615+0000] {processor.py:157} INFO - Started process (PID=190) to work on /opt/airflow/dags/stock_dag.py
[2025-08-21T08:58:57.616+0000] {processor.py:829} INFO - Processing file /opt/airflow/dags/stock_dag.py for tasks to queue
[2025-08-21T08:58:57.618+0000] {logging_mixin.py:151} INFO - [2025-08-21T08:58:57.617+0000] {dagbag.py:539} INFO - Filling up the DagBag from /opt/airflow/dags/stock_dag.py
[2025-08-21T08:58:57.640+0000] {processor.py:839} INFO - DAG(s) dict_keys(['stock_fetch_pipeline']) retrieved from /opt/airflow/dags/stock_dag.py
[2025-08-21T08:58:57.669+0000] {logging_mixin.py:151} INFO - [2025-08-21T08:58:57.669+0000] {dag.py:2915} INFO - Sync 1 DAGs
[2025-08-21T08:58:57.690+0000] {logging_mixin.py:151} INFO - [2025-08-21T08:58:57.690+0000] {dag.py:3696} INFO - Setting next_dagrun for stock_fetch_pipeline to 2025-08-21T08:00:00+00:00, run_after=2025-08-21T09:00:00+00:00
[2025-08-21T08:58:57.703+0000] {processor.py:179} INFO - Processing /opt/airflow/dags/stock_dag.py took 0.094 seconds
[2025-08-21T08:59:27.991+0000] {processor.py:157} INFO - Started process (PID=195) to work on /opt/airflow/dags/stock_dag.py
[2025-08-21T08:59:27.993+0000] {processor.py:829} INFO - Processing file /opt/airflow/dags/stock_dag.py for tasks to queue
[2025-08-21T08:59:27.995+0000] {logging_mixin.py:151} INFO - [2025-08-21T08:59:27.994+0000] {dagbag.py:539} INFO - Filling up the DagBag from /opt/airflow/dags/stock_dag.py
[2025-08-21T08:59:28.016+0000] {processor.py:839} INFO - DAG(s) dict_keys(['stock_fetch_pipeline']) retrieved from /opt/airflow/dags/stock_dag.py
[2025-08-21T08:59:28.056+0000] {logging_mixin.py:151} INFO - [2025-08-21T08:59:28.056+0000] {dag.py:2915} INFO - Sync 1 DAGs
[2025-08-21T08:59:28.071+0000] {logging_mixin.py:151} INFO - [2025-08-21T08:59:28.071+0000] {dag.py:3696} INFO - Setting next_dagrun for stock_fetch_pipeline to 2025-08-21T08:00:00+00:00, run_after=2025-08-21T09:00:00+00:00
[2025-08-21T08:59:28.081+0000] {processor.py:179} INFO - Processing /opt/airflow/dags/stock_dag.py took 0.102 seconds
[2025-08-21T08:59:58.375+0000] {processor.py:157} INFO - Started process (PID=200) to work on /opt/airflow/dags/stock_dag.py
[2025-08-21T08:59:58.377+0000] {processor.py:829} INFO - Processing file /opt/airflow/dags/stock_dag.py for tasks to queue
[2025-08-21T08:59:58.380+0000] {logging_mixin.py:151} INFO - [2025-08-21T08:59:58.379+0000] {dagbag.py:539} INFO - Filling up the DagBag from /opt/airflow/dags/stock_dag.py
[2025-08-21T08:59:58.408+0000] {processor.py:839} INFO - DAG(s) dict_keys(['stock_fetch_pipeline']) retrieved from /opt/airflow/dags/stock_dag.py
[2025-08-21T08:59:58.452+0000] {logging_mixin.py:151} INFO - [2025-08-21T08:59:58.452+0000] {dag.py:2915} INFO - Sync 1 DAGs
[2025-08-21T08:59:58.472+0000] {logging_mixin.py:151} INFO - [2025-08-21T08:59:58.472+0000] {dag.py:3696} INFO - Setting next_dagrun for stock_fetch_pipeline to 2025-08-21T08:00:00+00:00, run_after=2025-08-21T09:00:00+00:00
[2025-08-21T08:59:58.487+0000] {processor.py:179} INFO - Processing /opt/airflow/dags/stock_dag.py took 0.117 seconds
[2025-08-21T09:00:28.667+0000] {processor.py:157} INFO - Started process (PID=205) to work on /opt/airflow/dags/stock_dag.py
[2025-08-21T09:00:28.668+0000] {processor.py:829} INFO - Processing file /opt/airflow/dags/stock_dag.py for tasks to queue
[2025-08-21T09:00:28.669+0000] {logging_mixin.py:151} INFO - [2025-08-21T09:00:28.669+0000] {dagbag.py:539} INFO - Filling up the DagBag from /opt/airflow/dags/stock_dag.py
[2025-08-21T09:00:28.692+0000] {processor.py:839} INFO - DAG(s) dict_keys(['stock_fetch_pipeline']) retrieved from /opt/airflow/dags/stock_dag.py
[2025-08-21T09:00:28.727+0000] {logging_mixin.py:151} INFO - [2025-08-21T09:00:28.727+0000] {dag.py:2915} INFO - Sync 1 DAGs
[2025-08-21T09:00:28.882+0000] {processor.py:179} INFO - Processing /opt/airflow/dags/stock_dag.py took 0.220 seconds
[2025-08-21T09:00:59.047+0000] {processor.py:157} INFO - Started process (PID=213) to work on /opt/airflow/dags/stock_dag.py
[2025-08-21T09:00:59.049+0000] {processor.py:829} INFO - Processing file /opt/airflow/dags/stock_dag.py for tasks to queue
[2025-08-21T09:00:59.050+0000] {logging_mixin.py:151} INFO - [2025-08-21T09:00:59.049+0000] {dagbag.py:539} INFO - Filling up the DagBag from /opt/airflow/dags/stock_dag.py
[2025-08-21T09:00:59.069+0000] {processor.py:839} INFO - DAG(s) dict_keys(['stock_fetch_pipeline']) retrieved from /opt/airflow/dags/stock_dag.py
[2025-08-21T09:00:59.095+0000] {logging_mixin.py:151} INFO - [2025-08-21T09:00:59.095+0000] {dag.py:2915} INFO - Sync 1 DAGs
[2025-08-21T09:00:59.229+0000] {processor.py:179} INFO - Processing /opt/airflow/dags/stock_dag.py took 0.188 seconds
[2025-08-21T09:01:29.415+0000] {processor.py:157} INFO - Started process (PID=221) to work on /opt/airflow/dags/stock_dag.py
[2025-08-21T09:01:29.416+0000] {processor.py:829} INFO - Processing file /opt/airflow/dags/stock_dag.py for tasks to queue
[2025-08-21T09:01:29.417+0000] {logging_mixin.py:151} INFO - [2025-08-21T09:01:29.417+0000] {dagbag.py:539} INFO - Filling up the DagBag from /opt/airflow/dags/stock_dag.py
[2025-08-21T09:01:29.442+0000] {processor.py:839} INFO - DAG(s) dict_keys(['stock_fetch_pipeline']) retrieved from /opt/airflow/dags/stock_dag.py
[2025-08-21T09:01:29.580+0000] {logging_mixin.py:151} INFO - [2025-08-21T09:01:29.580+0000] {dag.py:2915} INFO - Sync 1 DAGs
[2025-08-21T09:01:29.604+0000] {processor.py:179} INFO - Processing /opt/airflow/dags/stock_dag.py took 0.194 seconds
[2025-08-21T09:01:59.879+0000] {processor.py:157} INFO - Started process (PID=226) to work on /opt/airflow/dags/stock_dag.py
[2025-08-21T09:01:59.880+0000] {processor.py:829} INFO - Processing file /opt/airflow/dags/stock_dag.py for tasks to queue
[2025-08-21T09:01:59.881+0000] {logging_mixin.py:151} INFO - [2025-08-21T09:01:59.881+0000] {dagbag.py:539} INFO - Filling up the DagBag from /opt/airflow/dags/stock_dag.py
[2025-08-21T09:02:00.060+0000] {processor.py:839} INFO - DAG(s) dict_keys(['stock_fetch_pipeline']) retrieved from /opt/airflow/dags/stock_dag.py
[2025-08-21T09:02:00.096+0000] {logging_mixin.py:151} INFO - [2025-08-21T09:02:00.095+0000] {dag.py:2915} INFO - Sync 1 DAGs
[2025-08-21T09:02:00.107+0000] {logging_mixin.py:151} INFO - [2025-08-21T09:02:00.107+0000] {dag.py:3696} INFO - Setting next_dagrun for stock_fetch_pipeline to 2025-08-21T08:00:00+00:00, run_after=2025-08-21T09:00:00+00:00
[2025-08-21T09:02:00.118+0000] {processor.py:179} INFO - Processing /opt/airflow/dags/stock_dag.py took 0.245 seconds
[2025-08-21T09:02:30.461+0000] {processor.py:157} INFO - Started process (PID=234) to work on /opt/airflow/dags/stock_dag.py
[2025-08-21T09:02:30.462+0000] {processor.py:829} INFO - Processing file /opt/airflow/dags/stock_dag.py for tasks to queue
[2025-08-21T09:02:30.463+0000] {logging_mixin.py:151} INFO - [2025-08-21T09:02:30.463+0000] {dagbag.py:539} INFO - Filling up the DagBag from /opt/airflow/dags/stock_dag.py
[2025-08-21T09:02:30.518+0000] {processor.py:839} INFO - DAG(s) dict_keys(['stock_fetch_pipeline']) retrieved from /opt/airflow/dags/stock_dag.py
[2025-08-21T09:02:30.578+0000] {logging_mixin.py:151} INFO - [2025-08-21T09:02:30.578+0000] {dag.py:2915} INFO - Sync 1 DAGs
[2025-08-21T09:02:30.603+0000] {logging_mixin.py:151} INFO - [2025-08-21T09:02:30.603+0000] {dag.py:3696} INFO - Setting next_dagrun for stock_fetch_pipeline to 2025-08-21T09:00:00+00:00, run_after=2025-08-21T10:00:00+00:00
[2025-08-21T09:02:30.616+0000] {processor.py:179} INFO - Processing /opt/airflow/dags/stock_dag.py took 0.164 seconds
[2025-08-21T09:03:00.830+0000] {processor.py:157} INFO - Started process (PID=239) to work on /opt/airflow/dags/stock_dag.py
[2025-08-21T09:03:00.831+0000] {processor.py:829} INFO - Processing file /opt/airflow/dags/stock_dag.py for tasks to queue
[2025-08-21T09:03:00.832+0000] {logging_mixin.py:151} INFO - [2025-08-21T09:03:00.832+0000] {dagbag.py:539} INFO - Filling up the DagBag from /opt/airflow/dags/stock_dag.py
[2025-08-21T09:03:00.867+0000] {processor.py:839} INFO - DAG(s) dict_keys(['stock_fetch_pipeline']) retrieved from /opt/airflow/dags/stock_dag.py
[2025-08-21T09:03:00.908+0000] {logging_mixin.py:151} INFO - [2025-08-21T09:03:00.907+0000] {dag.py:2915} INFO - Sync 1 DAGs
[2025-08-21T09:03:00.929+0000] {logging_mixin.py:151} INFO - [2025-08-21T09:03:00.929+0000] {dag.py:3696} INFO - Setting next_dagrun for stock_fetch_pipeline to 2025-08-21T09:00:00+00:00, run_after=2025-08-21T10:00:00+00:00
[2025-08-21T09:03:00.943+0000] {processor.py:179} INFO - Processing /opt/airflow/dags/stock_dag.py took 0.119 seconds
[2025-08-21T09:03:31.335+0000] {processor.py:157} INFO - Started process (PID=244) to work on /opt/airflow/dags/stock_dag.py
[2025-08-21T09:03:31.336+0000] {processor.py:829} INFO - Processing file /opt/airflow/dags/stock_dag.py for tasks to queue
[2025-08-21T09:03:31.337+0000] {logging_mixin.py:151} INFO - [2025-08-21T09:03:31.336+0000] {dagbag.py:539} INFO - Filling up the DagBag from /opt/airflow/dags/stock_dag.py
[2025-08-21T09:03:31.374+0000] {processor.py:839} INFO - DAG(s) dict_keys(['stock_fetch_pipeline']) retrieved from /opt/airflow/dags/stock_dag.py
[2025-08-21T09:03:31.430+0000] {logging_mixin.py:151} INFO - [2025-08-21T09:03:31.430+0000] {dag.py:2915} INFO - Sync 1 DAGs
[2025-08-21T09:03:31.449+0000] {logging_mixin.py:151} INFO - [2025-08-21T09:03:31.449+0000] {dag.py:3696} INFO - Setting next_dagrun for stock_fetch_pipeline to 2025-08-21T09:00:00+00:00, run_after=2025-08-21T10:00:00+00:00
[2025-08-21T09:03:31.461+0000] {processor.py:179} INFO - Processing /opt/airflow/dags/stock_dag.py took 0.139 seconds
[2025-08-21T09:04:01.737+0000] {processor.py:157} INFO - Started process (PID=249) to work on /opt/airflow/dags/stock_dag.py
[2025-08-21T09:04:01.738+0000] {processor.py:829} INFO - Processing file /opt/airflow/dags/stock_dag.py for tasks to queue
[2025-08-21T09:04:01.740+0000] {logging_mixin.py:151} INFO - [2025-08-21T09:04:01.739+0000] {dagbag.py:539} INFO - Filling up the DagBag from /opt/airflow/dags/stock_dag.py
[2025-08-21T09:04:01.762+0000] {processor.py:839} INFO - DAG(s) dict_keys(['stock_fetch_pipeline']) retrieved from /opt/airflow/dags/stock_dag.py
[2025-08-21T09:04:01.796+0000] {logging_mixin.py:151} INFO - [2025-08-21T09:04:01.796+0000] {dag.py:2915} INFO - Sync 1 DAGs
[2025-08-21T09:04:01.813+0000] {logging_mixin.py:151} INFO - [2025-08-21T09:04:01.813+0000] {dag.py:3696} INFO - Setting next_dagrun for stock_fetch_pipeline to 2025-08-21T09:00:00+00:00, run_after=2025-08-21T10:00:00+00:00
[2025-08-21T09:04:01.824+0000] {processor.py:179} INFO - Processing /opt/airflow/dags/stock_dag.py took 0.098 seconds
[2025-08-21T09:04:32.150+0000] {processor.py:157} INFO - Started process (PID=257) to work on /opt/airflow/dags/stock_dag.py
[2025-08-21T09:04:32.152+0000] {processor.py:829} INFO - Processing file /opt/airflow/dags/stock_dag.py for tasks to queue
[2025-08-21T09:04:32.153+0000] {logging_mixin.py:151} INFO - [2025-08-21T09:04:32.153+0000] {dagbag.py:539} INFO - Filling up the DagBag from /opt/airflow/dags/stock_dag.py
[2025-08-21T09:04:32.176+0000] {processor.py:839} INFO - DAG(s) dict_keys(['stock_fetch_pipeline']) retrieved from /opt/airflow/dags/stock_dag.py
[2025-08-21T09:04:32.214+0000] {logging_mixin.py:151} INFO - [2025-08-21T09:04:32.214+0000] {dag.py:2915} INFO - Sync 1 DAGs
[2025-08-21T09:04:32.231+0000] {logging_mixin.py:151} INFO - [2025-08-21T09:04:32.231+0000] {dag.py:3696} INFO - Setting next_dagrun for stock_fetch_pipeline to 2025-08-21T09:00:00+00:00, run_after=2025-08-21T10:00:00+00:00
[2025-08-21T09:04:32.240+0000] {processor.py:179} INFO - Processing /opt/airflow/dags/stock_dag.py took 0.095 seconds
[2025-08-21T09:05:02.561+0000] {processor.py:157} INFO - Started process (PID=262) to work on /opt/airflow/dags/stock_dag.py
[2025-08-21T09:05:02.562+0000] {processor.py:829} INFO - Processing file /opt/airflow/dags/stock_dag.py for tasks to queue
[2025-08-21T09:05:02.564+0000] {logging_mixin.py:151} INFO - [2025-08-21T09:05:02.563+0000] {dagbag.py:539} INFO - Filling up the DagBag from /opt/airflow/dags/stock_dag.py
[2025-08-21T09:05:02.593+0000] {processor.py:839} INFO - DAG(s) dict_keys(['stock_fetch_pipeline']) retrieved from /opt/airflow/dags/stock_dag.py
[2025-08-21T09:05:02.629+0000] {logging_mixin.py:151} INFO - [2025-08-21T09:05:02.629+0000] {dag.py:2915} INFO - Sync 1 DAGs
[2025-08-21T09:05:02.647+0000] {logging_mixin.py:151} INFO - [2025-08-21T09:05:02.647+0000] {dag.py:3696} INFO - Setting next_dagrun for stock_fetch_pipeline to 2025-08-21T09:00:00+00:00, run_after=2025-08-21T10:00:00+00:00
[2025-08-21T09:05:02.656+0000] {processor.py:179} INFO - Processing /opt/airflow/dags/stock_dag.py took 0.107 seconds
[2025-08-21T09:05:32.907+0000] {processor.py:157} INFO - Started process (PID=267) to work on /opt/airflow/dags/stock_dag.py
[2025-08-21T09:05:32.908+0000] {processor.py:829} INFO - Processing file /opt/airflow/dags/stock_dag.py for tasks to queue
[2025-08-21T09:05:32.909+0000] {logging_mixin.py:151} INFO - [2025-08-21T09:05:32.909+0000] {dagbag.py:539} INFO - Filling up the DagBag from /opt/airflow/dags/stock_dag.py
[2025-08-21T09:05:32.936+0000] {processor.py:839} INFO - DAG(s) dict_keys(['stock_fetch_pipeline']) retrieved from /opt/airflow/dags/stock_dag.py
[2025-08-21T09:05:32.981+0000] {logging_mixin.py:151} INFO - [2025-08-21T09:05:32.981+0000] {dag.py:2915} INFO - Sync 1 DAGs
[2025-08-21T09:05:32.998+0000] {logging_mixin.py:151} INFO - [2025-08-21T09:05:32.998+0000] {dag.py:3696} INFO - Setting next_dagrun for stock_fetch_pipeline to 2025-08-21T09:00:00+00:00, run_after=2025-08-21T10:00:00+00:00
[2025-08-21T09:05:33.009+0000] {processor.py:179} INFO - Processing /opt/airflow/dags/stock_dag.py took 0.108 seconds
[2025-08-21T09:06:03.495+0000] {processor.py:157} INFO - Started process (PID=272) to work on /opt/airflow/dags/stock_dag.py
[2025-08-21T09:06:03.496+0000] {processor.py:829} INFO - Processing file /opt/airflow/dags/stock_dag.py for tasks to queue
[2025-08-21T09:06:03.498+0000] {logging_mixin.py:151} INFO - [2025-08-21T09:06:03.497+0000] {dagbag.py:539} INFO - Filling up the DagBag from /opt/airflow/dags/stock_dag.py
[2025-08-21T09:06:03.522+0000] {processor.py:839} INFO - DAG(s) dict_keys(['stock_fetch_pipeline']) retrieved from /opt/airflow/dags/stock_dag.py
[2025-08-21T09:06:03.558+0000] {logging_mixin.py:151} INFO - [2025-08-21T09:06:03.558+0000] {dag.py:2915} INFO - Sync 1 DAGs
[2025-08-21T09:06:03.576+0000] {logging_mixin.py:151} INFO - [2025-08-21T09:06:03.576+0000] {dag.py:3696} INFO - Setting next_dagrun for stock_fetch_pipeline to 2025-08-21T09:00:00+00:00, run_after=2025-08-21T10:00:00+00:00
[2025-08-21T09:06:03.587+0000] {processor.py:179} INFO - Processing /opt/airflow/dags/stock_dag.py took 0.098 seconds
[2025-08-21T09:06:33.871+0000] {processor.py:157} INFO - Started process (PID=277) to work on /opt/airflow/dags/stock_dag.py
[2025-08-21T09:06:33.873+0000] {processor.py:829} INFO - Processing file /opt/airflow/dags/stock_dag.py for tasks to queue
[2025-08-21T09:06:33.874+0000] {logging_mixin.py:151} INFO - [2025-08-21T09:06:33.873+0000] {dagbag.py:539} INFO - Filling up the DagBag from /opt/airflow/dags/stock_dag.py
[2025-08-21T09:06:33.904+0000] {processor.py:839} INFO - DAG(s) dict_keys(['stock_fetch_pipeline']) retrieved from /opt/airflow/dags/stock_dag.py
[2025-08-21T09:06:33.937+0000] {logging_mixin.py:151} INFO - [2025-08-21T09:06:33.937+0000] {dag.py:2915} INFO - Sync 1 DAGs
[2025-08-21T09:06:33.954+0000] {logging_mixin.py:151} INFO - [2025-08-21T09:06:33.954+0000] {dag.py:3696} INFO - Setting next_dagrun for stock_fetch_pipeline to 2025-08-21T09:00:00+00:00, run_after=2025-08-21T10:00:00+00:00
[2025-08-21T09:06:33.968+0000] {processor.py:179} INFO - Processing /opt/airflow/dags/stock_dag.py took 0.105 seconds
[2025-08-21T09:07:04.343+0000] {processor.py:157} INFO - Started process (PID=282) to work on /opt/airflow/dags/stock_dag.py
[2025-08-21T09:07:04.345+0000] {processor.py:829} INFO - Processing file /opt/airflow/dags/stock_dag.py for tasks to queue
[2025-08-21T09:07:04.346+0000] {logging_mixin.py:151} INFO - [2025-08-21T09:07:04.346+0000] {dagbag.py:539} INFO - Filling up the DagBag from /opt/airflow/dags/stock_dag.py
[2025-08-21T09:07:04.377+0000] {processor.py:839} INFO - DAG(s) dict_keys(['stock_fetch_pipeline']) retrieved from /opt/airflow/dags/stock_dag.py
[2025-08-21T09:07:04.411+0000] {logging_mixin.py:151} INFO - [2025-08-21T09:07:04.410+0000] {dag.py:2915} INFO - Sync 1 DAGs
[2025-08-21T09:07:04.426+0000] {logging_mixin.py:151} INFO - [2025-08-21T09:07:04.426+0000] {dag.py:3696} INFO - Setting next_dagrun for stock_fetch_pipeline to 2025-08-21T09:00:00+00:00, run_after=2025-08-21T10:00:00+00:00
[2025-08-21T09:07:04.440+0000] {processor.py:179} INFO - Processing /opt/airflow/dags/stock_dag.py took 0.105 seconds
[2025-08-21T09:07:34.713+0000] {processor.py:157} INFO - Started process (PID=287) to work on /opt/airflow/dags/stock_dag.py
[2025-08-21T09:07:34.715+0000] {processor.py:829} INFO - Processing file /opt/airflow/dags/stock_dag.py for tasks to queue
[2025-08-21T09:07:34.716+0000] {logging_mixin.py:151} INFO - [2025-08-21T09:07:34.716+0000] {dagbag.py:539} INFO - Filling up the DagBag from /opt/airflow/dags/stock_dag.py
[2025-08-21T09:07:34.746+0000] {processor.py:839} INFO - DAG(s) dict_keys(['stock_fetch_pipeline']) retrieved from /opt/airflow/dags/stock_dag.py
[2025-08-21T09:07:34.790+0000] {logging_mixin.py:151} INFO - [2025-08-21T09:07:34.790+0000] {dag.py:2915} INFO - Sync 1 DAGs
[2025-08-21T09:07:34.815+0000] {logging_mixin.py:151} INFO - [2025-08-21T09:07:34.815+0000] {dag.py:3696} INFO - Setting next_dagrun for stock_fetch_pipeline to 2025-08-21T09:00:00+00:00, run_after=2025-08-21T10:00:00+00:00
[2025-08-21T09:07:34.826+0000] {processor.py:179} INFO - Processing /opt/airflow/dags/stock_dag.py took 0.120 seconds
[2025-08-21T09:08:05.131+0000] {processor.py:157} INFO - Started process (PID=292) to work on /opt/airflow/dags/stock_dag.py
[2025-08-21T09:08:05.132+0000] {processor.py:829} INFO - Processing file /opt/airflow/dags/stock_dag.py for tasks to queue
[2025-08-21T09:08:05.133+0000] {logging_mixin.py:151} INFO - [2025-08-21T09:08:05.133+0000] {dagbag.py:539} INFO - Filling up the DagBag from /opt/airflow/dags/stock_dag.py
[2025-08-21T09:08:05.165+0000] {processor.py:839} INFO - DAG(s) dict_keys(['stock_fetch_pipeline']) retrieved from /opt/airflow/dags/stock_dag.py
[2025-08-21T09:08:05.247+0000] {logging_mixin.py:151} INFO - [2025-08-21T09:08:05.247+0000] {dag.py:2915} INFO - Sync 1 DAGs
[2025-08-21T09:08:05.280+0000] {logging_mixin.py:151} INFO - [2025-08-21T09:08:05.280+0000] {dag.py:3696} INFO - Setting next_dagrun for stock_fetch_pipeline to 2025-08-21T09:00:00+00:00, run_after=2025-08-21T10:00:00+00:00
[2025-08-21T09:08:05.295+0000] {processor.py:179} INFO - Processing /opt/airflow/dags/stock_dag.py took 0.175 seconds
[2025-08-21T09:08:35.566+0000] {processor.py:157} INFO - Started process (PID=297) to work on /opt/airflow/dags/stock_dag.py
[2025-08-21T09:08:35.569+0000] {processor.py:829} INFO - Processing file /opt/airflow/dags/stock_dag.py for tasks to queue
[2025-08-21T09:08:35.570+0000] {logging_mixin.py:151} INFO - [2025-08-21T09:08:35.569+0000] {dagbag.py:539} INFO - Filling up the DagBag from /opt/airflow/dags/stock_dag.py
[2025-08-21T09:08:35.602+0000] {processor.py:839} INFO - DAG(s) dict_keys(['stock_fetch_pipeline']) retrieved from /opt/airflow/dags/stock_dag.py
[2025-08-21T09:08:35.639+0000] {logging_mixin.py:151} INFO - [2025-08-21T09:08:35.639+0000] {dag.py:2915} INFO - Sync 1 DAGs
[2025-08-21T09:08:35.660+0000] {logging_mixin.py:151} INFO - [2025-08-21T09:08:35.660+0000] {dag.py:3696} INFO - Setting next_dagrun for stock_fetch_pipeline to 2025-08-21T09:00:00+00:00, run_after=2025-08-21T10:00:00+00:00
[2025-08-21T09:08:35.674+0000] {processor.py:179} INFO - Processing /opt/airflow/dags/stock_dag.py took 0.114 seconds
[2025-08-21T09:09:05.928+0000] {processor.py:157} INFO - Started process (PID=302) to work on /opt/airflow/dags/stock_dag.py
[2025-08-21T09:09:05.931+0000] {processor.py:829} INFO - Processing file /opt/airflow/dags/stock_dag.py for tasks to queue
[2025-08-21T09:09:05.934+0000] {logging_mixin.py:151} INFO - [2025-08-21T09:09:05.934+0000] {dagbag.py:539} INFO - Filling up the DagBag from /opt/airflow/dags/stock_dag.py
[2025-08-21T09:09:05.969+0000] {processor.py:839} INFO - DAG(s) dict_keys(['stock_fetch_pipeline']) retrieved from /opt/airflow/dags/stock_dag.py
[2025-08-21T09:09:06.012+0000] {logging_mixin.py:151} INFO - [2025-08-21T09:09:06.012+0000] {dag.py:2915} INFO - Sync 1 DAGs
[2025-08-21T09:09:06.033+0000] {logging_mixin.py:151} INFO - [2025-08-21T09:09:06.033+0000] {dag.py:3696} INFO - Setting next_dagrun for stock_fetch_pipeline to 2025-08-21T09:00:00+00:00, run_after=2025-08-21T10:00:00+00:00
[2025-08-21T09:09:06.047+0000] {processor.py:179} INFO - Processing /opt/airflow/dags/stock_dag.py took 0.125 seconds
[2025-08-21T09:09:36.387+0000] {processor.py:157} INFO - Started process (PID=307) to work on /opt/airflow/dags/stock_dag.py
[2025-08-21T09:09:36.389+0000] {processor.py:829} INFO - Processing file /opt/airflow/dags/stock_dag.py for tasks to queue
[2025-08-21T09:09:36.390+0000] {logging_mixin.py:151} INFO - [2025-08-21T09:09:36.390+0000] {dagbag.py:539} INFO - Filling up the DagBag from /opt/airflow/dags/stock_dag.py
[2025-08-21T09:09:36.424+0000] {processor.py:839} INFO - DAG(s) dict_keys(['stock_fetch_pipeline']) retrieved from /opt/airflow/dags/stock_dag.py
[2025-08-21T09:09:36.480+0000] {logging_mixin.py:151} INFO - [2025-08-21T09:09:36.479+0000] {dag.py:2915} INFO - Sync 1 DAGs
[2025-08-21T09:09:36.515+0000] {logging_mixin.py:151} INFO - [2025-08-21T09:09:36.515+0000] {dag.py:3696} INFO - Setting next_dagrun for stock_fetch_pipeline to 2025-08-21T09:00:00+00:00, run_after=2025-08-21T10:00:00+00:00
[2025-08-21T09:09:36.527+0000] {processor.py:179} INFO - Processing /opt/airflow/dags/stock_dag.py took 0.147 seconds
[2025-08-21T09:10:06.699+0000] {processor.py:157} INFO - Started process (PID=312) to work on /opt/airflow/dags/stock_dag.py
[2025-08-21T09:10:06.700+0000] {processor.py:829} INFO - Processing file /opt/airflow/dags/stock_dag.py for tasks to queue
[2025-08-21T09:10:06.702+0000] {logging_mixin.py:151} INFO - [2025-08-21T09:10:06.701+0000] {dagbag.py:539} INFO - Filling up the DagBag from /opt/airflow/dags/stock_dag.py
[2025-08-21T09:10:06.726+0000] {processor.py:839} INFO - DAG(s) dict_keys(['stock_fetch_pipeline']) retrieved from /opt/airflow/dags/stock_dag.py
[2025-08-21T09:10:06.762+0000] {logging_mixin.py:151} INFO - [2025-08-21T09:10:06.762+0000] {dag.py:2915} INFO - Sync 1 DAGs
[2025-08-21T09:10:06.779+0000] {logging_mixin.py:151} INFO - [2025-08-21T09:10:06.779+0000] {dag.py:3696} INFO - Setting next_dagrun for stock_fetch_pipeline to 2025-08-21T09:00:00+00:00, run_after=2025-08-21T10:00:00+00:00
[2025-08-21T09:10:06.790+0000] {processor.py:179} INFO - Processing /opt/airflow/dags/stock_dag.py took 0.099 seconds
[2025-08-21T09:10:37.096+0000] {processor.py:157} INFO - Started process (PID=317) to work on /opt/airflow/dags/stock_dag.py
[2025-08-21T09:10:37.098+0000] {processor.py:829} INFO - Processing file /opt/airflow/dags/stock_dag.py for tasks to queue
[2025-08-21T09:10:37.099+0000] {logging_mixin.py:151} INFO - [2025-08-21T09:10:37.098+0000] {dagbag.py:539} INFO - Filling up the DagBag from /opt/airflow/dags/stock_dag.py
[2025-08-21T09:10:37.117+0000] {processor.py:839} INFO - DAG(s) dict_keys(['stock_fetch_pipeline']) retrieved from /opt/airflow/dags/stock_dag.py
[2025-08-21T09:10:37.153+0000] {logging_mixin.py:151} INFO - [2025-08-21T09:10:37.153+0000] {dag.py:2915} INFO - Sync 1 DAGs
[2025-08-21T09:10:37.170+0000] {logging_mixin.py:151} INFO - [2025-08-21T09:10:37.170+0000] {dag.py:3696} INFO - Setting next_dagrun for stock_fetch_pipeline to 2025-08-21T09:00:00+00:00, run_after=2025-08-21T10:00:00+00:00
[2025-08-21T09:10:37.180+0000] {processor.py:179} INFO - Processing /opt/airflow/dags/stock_dag.py took 0.091 seconds
[2025-08-21T09:11:07.443+0000] {processor.py:157} INFO - Started process (PID=322) to work on /opt/airflow/dags/stock_dag.py
[2025-08-21T09:11:07.445+0000] {processor.py:829} INFO - Processing file /opt/airflow/dags/stock_dag.py for tasks to queue
[2025-08-21T09:11:07.446+0000] {logging_mixin.py:151} INFO - [2025-08-21T09:11:07.446+0000] {dagbag.py:539} INFO - Filling up the DagBag from /opt/airflow/dags/stock_dag.py
[2025-08-21T09:11:07.473+0000] {processor.py:839} INFO - DAG(s) dict_keys(['stock_fetch_pipeline']) retrieved from /opt/airflow/dags/stock_dag.py
[2025-08-21T09:11:07.510+0000] {logging_mixin.py:151} INFO - [2025-08-21T09:11:07.509+0000] {dag.py:2915} INFO - Sync 1 DAGs
[2025-08-21T09:11:07.529+0000] {logging_mixin.py:151} INFO - [2025-08-21T09:11:07.529+0000] {dag.py:3696} INFO - Setting next_dagrun for stock_fetch_pipeline to 2025-08-21T09:00:00+00:00, run_after=2025-08-21T10:00:00+00:00
[2025-08-21T09:11:07.540+0000] {processor.py:179} INFO - Processing /opt/airflow/dags/stock_dag.py took 0.106 seconds
[2025-08-21T09:11:37.814+0000] {processor.py:157} INFO - Started process (PID=327) to work on /opt/airflow/dags/stock_dag.py
[2025-08-21T09:11:37.815+0000] {processor.py:829} INFO - Processing file /opt/airflow/dags/stock_dag.py for tasks to queue
[2025-08-21T09:11:37.816+0000] {logging_mixin.py:151} INFO - [2025-08-21T09:11:37.816+0000] {dagbag.py:539} INFO - Filling up the DagBag from /opt/airflow/dags/stock_dag.py
[2025-08-21T09:11:37.829+0000] {processor.py:839} INFO - DAG(s) dict_keys(['stock_fetch_pipeline']) retrieved from /opt/airflow/dags/stock_dag.py
[2025-08-21T09:11:37.856+0000] {logging_mixin.py:151} INFO - [2025-08-21T09:11:37.856+0000] {dag.py:2915} INFO - Sync 1 DAGs
[2025-08-21T09:11:37.872+0000] {logging_mixin.py:151} INFO - [2025-08-21T09:11:37.872+0000] {dag.py:3696} INFO - Setting next_dagrun for stock_fetch_pipeline to 2025-08-21T09:00:00+00:00, run_after=2025-08-21T10:00:00+00:00
[2025-08-21T09:11:37.881+0000] {processor.py:179} INFO - Processing /opt/airflow/dags/stock_dag.py took 0.071 seconds
[2025-08-21T09:12:08.230+0000] {processor.py:157} INFO - Started process (PID=332) to work on /opt/airflow/dags/stock_dag.py
[2025-08-21T09:12:08.231+0000] {processor.py:829} INFO - Processing file /opt/airflow/dags/stock_dag.py for tasks to queue
[2025-08-21T09:12:08.232+0000] {logging_mixin.py:151} INFO - [2025-08-21T09:12:08.232+0000] {dagbag.py:539} INFO - Filling up the DagBag from /opt/airflow/dags/stock_dag.py
[2025-08-21T09:12:08.254+0000] {processor.py:839} INFO - DAG(s) dict_keys(['stock_fetch_pipeline']) retrieved from /opt/airflow/dags/stock_dag.py
[2025-08-21T09:12:08.282+0000] {logging_mixin.py:151} INFO - [2025-08-21T09:12:08.282+0000] {dag.py:2915} INFO - Sync 1 DAGs
[2025-08-21T09:12:08.297+0000] {logging_mixin.py:151} INFO - [2025-08-21T09:12:08.297+0000] {dag.py:3696} INFO - Setting next_dagrun for stock_fetch_pipeline to 2025-08-21T09:00:00+00:00, run_after=2025-08-21T10:00:00+00:00
[2025-08-21T09:12:08.307+0000] {processor.py:179} INFO - Processing /opt/airflow/dags/stock_dag.py took 0.084 seconds
[2025-08-21T09:12:38.550+0000] {processor.py:157} INFO - Started process (PID=337) to work on /opt/airflow/dags/stock_dag.py
[2025-08-21T09:12:38.551+0000] {processor.py:829} INFO - Processing file /opt/airflow/dags/stock_dag.py for tasks to queue
[2025-08-21T09:12:38.552+0000] {logging_mixin.py:151} INFO - [2025-08-21T09:12:38.552+0000] {dagbag.py:539} INFO - Filling up the DagBag from /opt/airflow/dags/stock_dag.py
[2025-08-21T09:12:38.565+0000] {processor.py:839} INFO - DAG(s) dict_keys(['stock_fetch_pipeline']) retrieved from /opt/airflow/dags/stock_dag.py
[2025-08-21T09:12:38.590+0000] {logging_mixin.py:151} INFO - [2025-08-21T09:12:38.590+0000] {dag.py:2915} INFO - Sync 1 DAGs
[2025-08-21T09:12:38.611+0000] {logging_mixin.py:151} INFO - [2025-08-21T09:12:38.611+0000] {dag.py:3696} INFO - Setting next_dagrun for stock_fetch_pipeline to 2025-08-21T09:00:00+00:00, run_after=2025-08-21T10:00:00+00:00
[2025-08-21T09:12:38.619+0000] {processor.py:179} INFO - Processing /opt/airflow/dags/stock_dag.py took 0.073 seconds
[2025-08-21T09:13:08.911+0000] {processor.py:157} INFO - Started process (PID=342) to work on /opt/airflow/dags/stock_dag.py
[2025-08-21T09:13:08.912+0000] {processor.py:829} INFO - Processing file /opt/airflow/dags/stock_dag.py for tasks to queue
[2025-08-21T09:13:08.913+0000] {logging_mixin.py:151} INFO - [2025-08-21T09:13:08.912+0000] {dagbag.py:539} INFO - Filling up the DagBag from /opt/airflow/dags/stock_dag.py
[2025-08-21T09:13:08.927+0000] {processor.py:839} INFO - DAG(s) dict_keys(['stock_fetch_pipeline']) retrieved from /opt/airflow/dags/stock_dag.py
[2025-08-21T09:13:08.952+0000] {logging_mixin.py:151} INFO - [2025-08-21T09:13:08.952+0000] {dag.py:2915} INFO - Sync 1 DAGs
[2025-08-21T09:13:08.966+0000] {logging_mixin.py:151} INFO - [2025-08-21T09:13:08.966+0000] {dag.py:3696} INFO - Setting next_dagrun for stock_fetch_pipeline to 2025-08-21T09:00:00+00:00, run_after=2025-08-21T10:00:00+00:00
[2025-08-21T09:13:08.975+0000] {processor.py:179} INFO - Processing /opt/airflow/dags/stock_dag.py took 0.067 seconds
[2025-08-21T09:13:39.524+0000] {processor.py:157} INFO - Started process (PID=347) to work on /opt/airflow/dags/stock_dag.py
[2025-08-21T09:13:39.526+0000] {processor.py:829} INFO - Processing file /opt/airflow/dags/stock_dag.py for tasks to queue
[2025-08-21T09:13:39.528+0000] {logging_mixin.py:151} INFO - [2025-08-21T09:13:39.527+0000] {dagbag.py:539} INFO - Filling up the DagBag from /opt/airflow/dags/stock_dag.py
[2025-08-21T09:13:39.563+0000] {processor.py:839} INFO - DAG(s) dict_keys(['stock_fetch_pipeline']) retrieved from /opt/airflow/dags/stock_dag.py
[2025-08-21T09:13:39.604+0000] {logging_mixin.py:151} INFO - [2025-08-21T09:13:39.604+0000] {dag.py:2915} INFO - Sync 1 DAGs
[2025-08-21T09:13:39.620+0000] {logging_mixin.py:151} INFO - [2025-08-21T09:13:39.620+0000] {dag.py:3696} INFO - Setting next_dagrun for stock_fetch_pipeline to 2025-08-21T09:00:00+00:00, run_after=2025-08-21T10:00:00+00:00
[2025-08-21T09:13:39.631+0000] {processor.py:179} INFO - Processing /opt/airflow/dags/stock_dag.py took 0.119 seconds
[2025-08-21T09:27:19.846+0000] {processor.py:157} INFO - Started process (PID=352) to work on /opt/airflow/dags/stock_dag.py
[2025-08-21T09:27:19.847+0000] {processor.py:829} INFO - Processing file /opt/airflow/dags/stock_dag.py for tasks to queue
[2025-08-21T09:27:19.848+0000] {logging_mixin.py:151} INFO - [2025-08-21T09:27:19.847+0000] {dagbag.py:539} INFO - Filling up the DagBag from /opt/airflow/dags/stock_dag.py
[2025-08-21T09:27:19.890+0000] {processor.py:839} INFO - DAG(s) dict_keys(['stock_fetch_pipeline']) retrieved from /opt/airflow/dags/stock_dag.py
[2025-08-21T09:27:19.998+0000] {logging_mixin.py:151} INFO - [2025-08-21T09:27:19.997+0000] {dag.py:2915} INFO - Sync 1 DAGs
[2025-08-21T09:27:20.049+0000] {logging_mixin.py:151} INFO - [2025-08-21T09:27:20.049+0000] {dag.py:3696} INFO - Setting next_dagrun for stock_fetch_pipeline to 2025-08-21T09:00:00+00:00, run_after=2025-08-21T10:00:00+00:00
[2025-08-21T09:27:20.065+0000] {processor.py:179} INFO - Processing /opt/airflow/dags/stock_dag.py took 0.224 seconds
[2025-08-21T09:28:26.062+0000] {processor.py:157} INFO - Started process (PID=166) to work on /opt/airflow/dags/stock_dag.py
[2025-08-21T09:28:26.064+0000] {processor.py:829} INFO - Processing file /opt/airflow/dags/stock_dag.py for tasks to queue
[2025-08-21T09:28:26.066+0000] {logging_mixin.py:151} INFO - [2025-08-21T09:28:26.065+0000] {dagbag.py:539} INFO - Filling up the DagBag from /opt/airflow/dags/stock_dag.py
[2025-08-21T09:28:26.085+0000] {processor.py:839} INFO - DAG(s) dict_keys(['stock_fetch_pipeline']) retrieved from /opt/airflow/dags/stock_dag.py
[2025-08-21T09:28:26.111+0000] {logging_mixin.py:151} INFO - [2025-08-21T09:28:26.111+0000] {dag.py:2915} INFO - Sync 1 DAGs
[2025-08-21T09:28:26.126+0000] {logging_mixin.py:151} INFO - [2025-08-21T09:28:26.126+0000] {dag.py:3696} INFO - Setting next_dagrun for stock_fetch_pipeline to 2025-08-21T09:00:00+00:00, run_after=2025-08-21T10:00:00+00:00
[2025-08-21T09:28:26.136+0000] {processor.py:179} INFO - Processing /opt/airflow/dags/stock_dag.py took 0.077 seconds
[2025-08-21T09:28:56.459+0000] {processor.py:157} INFO - Started process (PID=175) to work on /opt/airflow/dags/stock_dag.py
[2025-08-21T09:28:56.460+0000] {processor.py:829} INFO - Processing file /opt/airflow/dags/stock_dag.py for tasks to queue
[2025-08-21T09:28:56.461+0000] {logging_mixin.py:151} INFO - [2025-08-21T09:28:56.461+0000] {dagbag.py:539} INFO - Filling up the DagBag from /opt/airflow/dags/stock_dag.py
[2025-08-21T09:28:56.481+0000] {processor.py:839} INFO - DAG(s) dict_keys(['stock_fetch_pipeline']) retrieved from /opt/airflow/dags/stock_dag.py
[2025-08-21T09:28:56.561+0000] {logging_mixin.py:151} INFO - [2025-08-21T09:28:56.561+0000] {security.py:708} INFO - Not syncing DAG-level permissions for DAG 'DAG:stock_fetch_pipeline' as access control is unset.
[2025-08-21T09:28:56.562+0000] {logging_mixin.py:151} INFO - [2025-08-21T09:28:56.562+0000] {dag.py:2915} INFO - Sync 1 DAGs
[2025-08-21T09:28:56.671+0000] {processor.py:179} INFO - Processing /opt/airflow/dags/stock_dag.py took 0.221 seconds
[2025-08-21T09:29:26.967+0000] {processor.py:157} INFO - Started process (PID=180) to work on /opt/airflow/dags/stock_dag.py
[2025-08-21T09:29:26.968+0000] {processor.py:829} INFO - Processing file /opt/airflow/dags/stock_dag.py for tasks to queue
[2025-08-21T09:29:26.969+0000] {logging_mixin.py:151} INFO - [2025-08-21T09:29:26.969+0000] {dagbag.py:539} INFO - Filling up the DagBag from /opt/airflow/dags/stock_dag.py
[2025-08-21T09:29:27.003+0000] {processor.py:839} INFO - DAG(s) dict_keys(['stock_fetch_pipeline']) retrieved from /opt/airflow/dags/stock_dag.py
[2025-08-21T09:29:27.046+0000] {logging_mixin.py:151} INFO - [2025-08-21T09:29:27.046+0000] {dag.py:2915} INFO - Sync 1 DAGs
[2025-08-21T09:29:27.070+0000] {logging_mixin.py:151} INFO - [2025-08-21T09:29:27.070+0000] {dag.py:3696} INFO - Setting next_dagrun for stock_fetch_pipeline to 2025-08-21T09:00:00+00:00, run_after=2025-08-21T10:00:00+00:00
[2025-08-21T09:29:27.079+0000] {processor.py:179} INFO - Processing /opt/airflow/dags/stock_dag.py took 0.123 seconds
[2025-08-21T09:29:57.451+0000] {processor.py:157} INFO - Started process (PID=185) to work on /opt/airflow/dags/stock_dag.py
[2025-08-21T09:29:57.453+0000] {processor.py:829} INFO - Processing file /opt/airflow/dags/stock_dag.py for tasks to queue
[2025-08-21T09:29:57.454+0000] {logging_mixin.py:151} INFO - [2025-08-21T09:29:57.454+0000] {dagbag.py:539} INFO - Filling up the DagBag from /opt/airflow/dags/stock_dag.py
[2025-08-21T09:29:57.480+0000] {processor.py:839} INFO - DAG(s) dict_keys(['stock_fetch_pipeline']) retrieved from /opt/airflow/dags/stock_dag.py
[2025-08-21T09:29:57.517+0000] {logging_mixin.py:151} INFO - [2025-08-21T09:29:57.516+0000] {dag.py:2915} INFO - Sync 1 DAGs
[2025-08-21T09:29:57.531+0000] {logging_mixin.py:151} INFO - [2025-08-21T09:29:57.531+0000] {dag.py:3696} INFO - Setting next_dagrun for stock_fetch_pipeline to 2025-08-21T09:00:00+00:00, run_after=2025-08-21T10:00:00+00:00
[2025-08-21T09:29:57.541+0000] {processor.py:179} INFO - Processing /opt/airflow/dags/stock_dag.py took 0.101 seconds
[2025-08-21T09:30:27.884+0000] {processor.py:157} INFO - Started process (PID=190) to work on /opt/airflow/dags/stock_dag.py
[2025-08-21T09:30:27.885+0000] {processor.py:829} INFO - Processing file /opt/airflow/dags/stock_dag.py for tasks to queue
[2025-08-21T09:30:27.887+0000] {logging_mixin.py:151} INFO - [2025-08-21T09:30:27.886+0000] {dagbag.py:539} INFO - Filling up the DagBag from /opt/airflow/dags/stock_dag.py
[2025-08-21T09:30:27.907+0000] {processor.py:839} INFO - DAG(s) dict_keys(['stock_fetch_pipeline']) retrieved from /opt/airflow/dags/stock_dag.py
[2025-08-21T09:30:27.941+0000] {logging_mixin.py:151} INFO - [2025-08-21T09:30:27.941+0000] {dag.py:2915} INFO - Sync 1 DAGs
[2025-08-21T09:30:27.956+0000] {logging_mixin.py:151} INFO - [2025-08-21T09:30:27.956+0000] {dag.py:3696} INFO - Setting next_dagrun for stock_fetch_pipeline to 2025-08-21T09:00:00+00:00, run_after=2025-08-21T10:00:00+00:00
[2025-08-21T09:30:27.966+0000] {processor.py:179} INFO - Processing /opt/airflow/dags/stock_dag.py took 0.092 seconds
[2025-08-21T09:30:58.225+0000] {processor.py:157} INFO - Started process (PID=195) to work on /opt/airflow/dags/stock_dag.py
[2025-08-21T09:30:58.227+0000] {processor.py:829} INFO - Processing file /opt/airflow/dags/stock_dag.py for tasks to queue
[2025-08-21T09:30:58.228+0000] {logging_mixin.py:151} INFO - [2025-08-21T09:30:58.228+0000] {dagbag.py:539} INFO - Filling up the DagBag from /opt/airflow/dags/stock_dag.py
[2025-08-21T09:30:58.249+0000] {processor.py:839} INFO - DAG(s) dict_keys(['stock_fetch_pipeline']) retrieved from /opt/airflow/dags/stock_dag.py
[2025-08-21T09:30:58.291+0000] {logging_mixin.py:151} INFO - [2025-08-21T09:30:58.291+0000] {dag.py:2915} INFO - Sync 1 DAGs
[2025-08-21T09:30:58.312+0000] {logging_mixin.py:151} INFO - [2025-08-21T09:30:58.311+0000] {dag.py:3696} INFO - Setting next_dagrun for stock_fetch_pipeline to 2025-08-21T09:00:00+00:00, run_after=2025-08-21T10:00:00+00:00
[2025-08-21T09:30:58.324+0000] {processor.py:179} INFO - Processing /opt/airflow/dags/stock_dag.py took 0.106 seconds
[2025-08-21T09:31:28.647+0000] {processor.py:157} INFO - Started process (PID=200) to work on /opt/airflow/dags/stock_dag.py
[2025-08-21T09:31:28.648+0000] {processor.py:829} INFO - Processing file /opt/airflow/dags/stock_dag.py for tasks to queue
[2025-08-21T09:31:28.649+0000] {logging_mixin.py:151} INFO - [2025-08-21T09:31:28.649+0000] {dagbag.py:539} INFO - Filling up the DagBag from /opt/airflow/dags/stock_dag.py
[2025-08-21T09:31:28.675+0000] {processor.py:839} INFO - DAG(s) dict_keys(['stock_fetch_pipeline']) retrieved from /opt/airflow/dags/stock_dag.py
[2025-08-21T09:31:28.716+0000] {logging_mixin.py:151} INFO - [2025-08-21T09:31:28.715+0000] {dag.py:2915} INFO - Sync 1 DAGs
[2025-08-21T09:31:28.735+0000] {logging_mixin.py:151} INFO - [2025-08-21T09:31:28.735+0000] {dag.py:3696} INFO - Setting next_dagrun for stock_fetch_pipeline to 2025-08-21T09:00:00+00:00, run_after=2025-08-21T10:00:00+00:00
[2025-08-21T09:31:28.745+0000] {processor.py:179} INFO - Processing /opt/airflow/dags/stock_dag.py took 0.109 seconds
[2025-08-21T09:31:58.977+0000] {processor.py:157} INFO - Started process (PID=205) to work on /opt/airflow/dags/stock_dag.py
[2025-08-21T09:31:58.979+0000] {processor.py:829} INFO - Processing file /opt/airflow/dags/stock_dag.py for tasks to queue
[2025-08-21T09:31:58.980+0000] {logging_mixin.py:151} INFO - [2025-08-21T09:31:58.980+0000] {dagbag.py:539} INFO - Filling up the DagBag from /opt/airflow/dags/stock_dag.py
[2025-08-21T09:31:59.015+0000] {processor.py:839} INFO - DAG(s) dict_keys(['stock_fetch_pipeline']) retrieved from /opt/airflow/dags/stock_dag.py
[2025-08-21T09:31:59.056+0000] {logging_mixin.py:151} INFO - [2025-08-21T09:31:59.056+0000] {dag.py:2915} INFO - Sync 1 DAGs
[2025-08-21T09:31:59.075+0000] {logging_mixin.py:151} INFO - [2025-08-21T09:31:59.075+0000] {dag.py:3696} INFO - Setting next_dagrun for stock_fetch_pipeline to 2025-08-21T09:00:00+00:00, run_after=2025-08-21T10:00:00+00:00
[2025-08-21T09:31:59.256+0000] {processor.py:179} INFO - Processing /opt/airflow/dags/stock_dag.py took 0.290 seconds
[2025-08-21T09:32:29.406+0000] {processor.py:157} INFO - Started process (PID=210) to work on /opt/airflow/dags/stock_dag.py
[2025-08-21T09:32:29.407+0000] {processor.py:829} INFO - Processing file /opt/airflow/dags/stock_dag.py for tasks to queue
[2025-08-21T09:32:29.408+0000] {logging_mixin.py:151} INFO - [2025-08-21T09:32:29.408+0000] {dagbag.py:539} INFO - Filling up the DagBag from /opt/airflow/dags/stock_dag.py
[2025-08-21T09:32:29.436+0000] {processor.py:839} INFO - DAG(s) dict_keys(['stock_fetch_pipeline']) retrieved from /opt/airflow/dags/stock_dag.py
[2025-08-21T09:32:29.476+0000] {logging_mixin.py:151} INFO - [2025-08-21T09:32:29.476+0000] {dag.py:2915} INFO - Sync 1 DAGs
[2025-08-21T09:32:29.623+0000] {logging_mixin.py:151} INFO - [2025-08-21T09:32:29.622+0000] {dag.py:3696} INFO - Setting next_dagrun for stock_fetch_pipeline to 2025-08-21T09:00:00+00:00, run_after=2025-08-21T10:00:00+00:00
[2025-08-21T09:32:29.631+0000] {processor.py:179} INFO - Processing /opt/airflow/dags/stock_dag.py took 0.231 seconds
[2025-08-21T09:32:59.825+0000] {processor.py:157} INFO - Started process (PID=215) to work on /opt/airflow/dags/stock_dag.py
[2025-08-21T09:32:59.826+0000] {processor.py:829} INFO - Processing file /opt/airflow/dags/stock_dag.py for tasks to queue
[2025-08-21T09:32:59.827+0000] {logging_mixin.py:151} INFO - [2025-08-21T09:32:59.827+0000] {dagbag.py:539} INFO - Filling up the DagBag from /opt/airflow/dags/stock_dag.py
[2025-08-21T09:32:59.859+0000] {processor.py:839} INFO - DAG(s) dict_keys(['stock_fetch_pipeline']) retrieved from /opt/airflow/dags/stock_dag.py
[2025-08-21T09:32:59.903+0000] {logging_mixin.py:151} INFO - [2025-08-21T09:32:59.902+0000] {dag.py:2915} INFO - Sync 1 DAGs
[2025-08-21T09:33:00.073+0000] {logging_mixin.py:151} INFO - [2025-08-21T09:33:00.073+0000] {dag.py:3696} INFO - Setting next_dagrun for stock_fetch_pipeline to 2025-08-21T09:00:00+00:00, run_after=2025-08-21T10:00:00+00:00
[2025-08-21T09:33:00.082+0000] {processor.py:179} INFO - Processing /opt/airflow/dags/stock_dag.py took 0.264 seconds
[2025-08-21T09:33:13.026+0000] {processor.py:157} INFO - Started process (PID=220) to work on /opt/airflow/dags/stock_dag.py
[2025-08-21T09:33:13.030+0000] {processor.py:829} INFO - Processing file /opt/airflow/dags/stock_dag.py for tasks to queue
[2025-08-21T09:33:13.031+0000] {logging_mixin.py:151} INFO - [2025-08-21T09:33:13.031+0000] {dagbag.py:539} INFO - Filling up the DagBag from /opt/airflow/dags/stock_dag.py
[2025-08-21T09:33:13.059+0000] {processor.py:839} INFO - DAG(s) dict_keys(['stock_fetch_pipeline']) retrieved from /opt/airflow/dags/stock_dag.py
[2025-08-21T09:33:13.273+0000] {logging_mixin.py:151} INFO - [2025-08-21T09:33:13.273+0000] {security.py:708} INFO - Not syncing DAG-level permissions for DAG 'DAG:stock_fetch_pipeline' as access control is unset.
[2025-08-21T09:33:13.273+0000] {logging_mixin.py:151} INFO - [2025-08-21T09:33:13.273+0000] {dag.py:2915} INFO - Sync 1 DAGs
[2025-08-21T09:33:13.283+0000] {logging_mixin.py:151} INFO - [2025-08-21T09:33:13.283+0000] {dag.py:3696} INFO - Setting next_dagrun for stock_fetch_pipeline to 2025-08-21T09:00:00+00:00, run_after=2025-08-21T10:00:00+00:00
[2025-08-21T09:33:13.293+0000] {processor.py:179} INFO - Processing /opt/airflow/dags/stock_dag.py took 0.279 seconds
[2025-08-21T09:33:43.659+0000] {processor.py:157} INFO - Started process (PID=225) to work on /opt/airflow/dags/stock_dag.py
[2025-08-21T09:33:43.662+0000] {processor.py:829} INFO - Processing file /opt/airflow/dags/stock_dag.py for tasks to queue
[2025-08-21T09:33:43.663+0000] {logging_mixin.py:151} INFO - [2025-08-21T09:33:43.663+0000] {dagbag.py:539} INFO - Filling up the DagBag from /opt/airflow/dags/stock_dag.py
[2025-08-21T09:33:43.688+0000] {processor.py:839} INFO - DAG(s) dict_keys(['stock_fetch_pipeline']) retrieved from /opt/airflow/dags/stock_dag.py
[2025-08-21T09:33:43.865+0000] {logging_mixin.py:151} INFO - [2025-08-21T09:33:43.865+0000] {dag.py:2915} INFO - Sync 1 DAGs
[2025-08-21T09:33:43.875+0000] {logging_mixin.py:151} INFO - [2025-08-21T09:33:43.875+0000] {dag.py:3696} INFO - Setting next_dagrun for stock_fetch_pipeline to 2025-08-21T09:00:00+00:00, run_after=2025-08-21T10:00:00+00:00
[2025-08-21T09:33:43.884+0000] {processor.py:179} INFO - Processing /opt/airflow/dags/stock_dag.py took 0.237 seconds
[2025-08-21T09:34:14.251+0000] {processor.py:157} INFO - Started process (PID=230) to work on /opt/airflow/dags/stock_dag.py
[2025-08-21T09:34:14.252+0000] {processor.py:829} INFO - Processing file /opt/airflow/dags/stock_dag.py for tasks to queue
[2025-08-21T09:34:14.253+0000] {logging_mixin.py:151} INFO - [2025-08-21T09:34:14.252+0000] {dagbag.py:539} INFO - Filling up the DagBag from /opt/airflow/dags/stock_dag.py
[2025-08-21T09:34:14.267+0000] {processor.py:839} INFO - DAG(s) dict_keys(['stock_fetch_pipeline']) retrieved from /opt/airflow/dags/stock_dag.py
[2025-08-21T09:34:14.298+0000] {logging_mixin.py:151} INFO - [2025-08-21T09:34:14.298+0000] {dag.py:2915} INFO - Sync 1 DAGs
[2025-08-21T09:34:14.311+0000] {logging_mixin.py:151} INFO - [2025-08-21T09:34:14.311+0000] {dag.py:3696} INFO - Setting next_dagrun for stock_fetch_pipeline to 2025-08-21T09:00:00+00:00, run_after=2025-08-21T10:00:00+00:00
[2025-08-21T09:34:14.320+0000] {processor.py:179} INFO - Processing /opt/airflow/dags/stock_dag.py took 0.073 seconds
[2025-08-21T09:34:44.649+0000] {processor.py:157} INFO - Started process (PID=235) to work on /opt/airflow/dags/stock_dag.py
[2025-08-21T09:34:44.650+0000] {processor.py:829} INFO - Processing file /opt/airflow/dags/stock_dag.py for tasks to queue
[2025-08-21T09:34:44.651+0000] {logging_mixin.py:151} INFO - [2025-08-21T09:34:44.651+0000] {dagbag.py:539} INFO - Filling up the DagBag from /opt/airflow/dags/stock_dag.py
[2025-08-21T09:34:44.680+0000] {processor.py:839} INFO - DAG(s) dict_keys(['stock_fetch_pipeline']) retrieved from /opt/airflow/dags/stock_dag.py
[2025-08-21T09:34:44.717+0000] {logging_mixin.py:151} INFO - [2025-08-21T09:34:44.717+0000] {dag.py:2915} INFO - Sync 1 DAGs
[2025-08-21T09:34:44.732+0000] {logging_mixin.py:151} INFO - [2025-08-21T09:34:44.732+0000] {dag.py:3696} INFO - Setting next_dagrun for stock_fetch_pipeline to 2025-08-21T09:00:00+00:00, run_after=2025-08-21T10:00:00+00:00
[2025-08-21T09:34:44.741+0000] {processor.py:179} INFO - Processing /opt/airflow/dags/stock_dag.py took 0.098 seconds
[2025-08-21T09:35:15.020+0000] {processor.py:157} INFO - Started process (PID=240) to work on /opt/airflow/dags/stock_dag.py
[2025-08-21T09:35:15.022+0000] {processor.py:829} INFO - Processing file /opt/airflow/dags/stock_dag.py for tasks to queue
[2025-08-21T09:35:15.023+0000] {logging_mixin.py:151} INFO - [2025-08-21T09:35:15.022+0000] {dagbag.py:539} INFO - Filling up the DagBag from /opt/airflow/dags/stock_dag.py
[2025-08-21T09:35:15.049+0000] {processor.py:839} INFO - DAG(s) dict_keys(['stock_fetch_pipeline']) retrieved from /opt/airflow/dags/stock_dag.py
[2025-08-21T09:35:15.089+0000] {logging_mixin.py:151} INFO - [2025-08-21T09:35:15.089+0000] {dag.py:2915} INFO - Sync 1 DAGs
[2025-08-21T09:35:15.112+0000] {logging_mixin.py:151} INFO - [2025-08-21T09:35:15.112+0000] {dag.py:3696} INFO - Setting next_dagrun for stock_fetch_pipeline to 2025-08-21T09:00:00+00:00, run_after=2025-08-21T10:00:00+00:00
[2025-08-21T09:35:15.123+0000] {processor.py:179} INFO - Processing /opt/airflow/dags/stock_dag.py took 0.115 seconds
[2025-08-21T09:35:45.564+0000] {processor.py:157} INFO - Started process (PID=245) to work on /opt/airflow/dags/stock_dag.py
[2025-08-21T09:35:45.565+0000] {processor.py:829} INFO - Processing file /opt/airflow/dags/stock_dag.py for tasks to queue
[2025-08-21T09:35:45.567+0000] {logging_mixin.py:151} INFO - [2025-08-21T09:35:45.566+0000] {dagbag.py:539} INFO - Filling up the DagBag from /opt/airflow/dags/stock_dag.py
[2025-08-21T09:35:45.597+0000] {processor.py:839} INFO - DAG(s) dict_keys(['stock_fetch_pipeline']) retrieved from /opt/airflow/dags/stock_dag.py
[2025-08-21T09:35:45.633+0000] {logging_mixin.py:151} INFO - [2025-08-21T09:35:45.633+0000] {dag.py:2915} INFO - Sync 1 DAGs
[2025-08-21T09:35:45.651+0000] {logging_mixin.py:151} INFO - [2025-08-21T09:35:45.650+0000] {dag.py:3696} INFO - Setting next_dagrun for stock_fetch_pipeline to 2025-08-21T09:00:00+00:00, run_after=2025-08-21T10:00:00+00:00
[2025-08-21T09:35:45.663+0000] {processor.py:179} INFO - Processing /opt/airflow/dags/stock_dag.py took 0.112 seconds
[2025-08-21T09:51:14.482+0000] {processor.py:157} INFO - Started process (PID=250) to work on /opt/airflow/dags/stock_dag.py
[2025-08-21T09:51:14.483+0000] {processor.py:829} INFO - Processing file /opt/airflow/dags/stock_dag.py for tasks to queue
[2025-08-21T09:51:14.483+0000] {logging_mixin.py:151} INFO - [2025-08-21T09:51:14.483+0000] {dagbag.py:539} INFO - Filling up the DagBag from /opt/airflow/dags/stock_dag.py
[2025-08-21T09:51:14.491+0000] {processor.py:839} INFO - DAG(s) dict_keys(['stock_fetch_pipeline']) retrieved from /opt/airflow/dags/stock_dag.py
[2025-08-21T09:51:14.507+0000] {logging_mixin.py:151} INFO - [2025-08-21T09:51:14.507+0000] {dag.py:2915} INFO - Sync 1 DAGs
[2025-08-21T09:51:14.518+0000] {logging_mixin.py:151} INFO - [2025-08-21T09:51:14.518+0000] {dag.py:3696} INFO - Setting next_dagrun for stock_fetch_pipeline to 2025-08-21T09:00:00+00:00, run_after=2025-08-21T10:00:00+00:00
[2025-08-21T09:51:14.526+0000] {processor.py:179} INFO - Processing /opt/airflow/dags/stock_dag.py took 0.046 seconds
[2025-08-21T09:56:35.782+0000] {processor.py:157} INFO - Started process (PID=259) to work on /opt/airflow/dags/stock_dag.py
[2025-08-21T09:56:35.783+0000] {processor.py:829} INFO - Processing file /opt/airflow/dags/stock_dag.py for tasks to queue
[2025-08-21T09:56:35.784+0000] {logging_mixin.py:151} INFO - [2025-08-21T09:56:35.783+0000] {dagbag.py:539} INFO - Filling up the DagBag from /opt/airflow/dags/stock_dag.py
[2025-08-21T09:56:35.806+0000] {processor.py:839} INFO - DAG(s) dict_keys(['stock_fetch_pipeline']) retrieved from /opt/airflow/dags/stock_dag.py
[2025-08-21T09:56:35.847+0000] {logging_mixin.py:151} INFO - [2025-08-21T09:56:35.847+0000] {dag.py:2915} INFO - Sync 1 DAGs
[2025-08-21T09:56:35.871+0000] {logging_mixin.py:151} INFO - [2025-08-21T09:56:35.871+0000] {dag.py:3696} INFO - Setting next_dagrun for stock_fetch_pipeline to 2025-08-21T09:00:00+00:00, run_after=2025-08-21T10:00:00+00:00
[2025-08-21T09:56:35.911+0000] {processor.py:179} INFO - Processing /opt/airflow/dags/stock_dag.py took 0.138 seconds
[2025-08-21T09:56:55.161+0000] {processor.py:157} INFO - Started process (PID=264) to work on /opt/airflow/dags/stock_dag.py
[2025-08-21T09:56:55.164+0000] {processor.py:829} INFO - Processing file /opt/airflow/dags/stock_dag.py for tasks to queue
[2025-08-21T09:56:55.165+0000] {logging_mixin.py:151} INFO - [2025-08-21T09:56:55.165+0000] {dagbag.py:539} INFO - Filling up the DagBag from /opt/airflow/dags/stock_dag.py
[2025-08-21T09:56:55.226+0000] {processor.py:839} INFO - DAG(s) dict_keys(['stock_fetch_pipeline']) retrieved from /opt/airflow/dags/stock_dag.py
[2025-08-21T09:56:55.267+0000] {logging_mixin.py:151} INFO - [2025-08-21T09:56:55.267+0000] {dag.py:2915} INFO - Sync 1 DAGs
[2025-08-21T09:56:55.288+0000] {logging_mixin.py:151} INFO - [2025-08-21T09:56:55.288+0000] {dag.py:3696} INFO - Setting next_dagrun for stock_fetch_pipeline to 2025-08-21T09:00:00+00:00, run_after=2025-08-21T10:00:00+00:00
[2025-08-21T09:56:55.299+0000] {processor.py:179} INFO - Processing /opt/airflow/dags/stock_dag.py took 0.149 seconds
[2025-08-21T09:57:25.665+0000] {processor.py:157} INFO - Started process (PID=269) to work on /opt/airflow/dags/stock_dag.py
[2025-08-21T09:57:25.668+0000] {processor.py:829} INFO - Processing file /opt/airflow/dags/stock_dag.py for tasks to queue
[2025-08-21T09:57:25.670+0000] {logging_mixin.py:151} INFO - [2025-08-21T09:57:25.668+0000] {dagbag.py:539} INFO - Filling up the DagBag from /opt/airflow/dags/stock_dag.py
[2025-08-21T09:57:25.710+0000] {processor.py:839} INFO - DAG(s) dict_keys(['stock_fetch_pipeline']) retrieved from /opt/airflow/dags/stock_dag.py
[2025-08-21T09:57:25.761+0000] {logging_mixin.py:151} INFO - [2025-08-21T09:57:25.761+0000] {dag.py:2915} INFO - Sync 1 DAGs
[2025-08-21T09:57:25.832+0000] {logging_mixin.py:151} INFO - [2025-08-21T09:57:25.832+0000] {dag.py:3696} INFO - Setting next_dagrun for stock_fetch_pipeline to 2025-08-21T09:00:00+00:00, run_after=2025-08-21T10:00:00+00:00
[2025-08-21T09:57:25.849+0000] {processor.py:179} INFO - Processing /opt/airflow/dags/stock_dag.py took 0.195 seconds
[2025-08-21T09:57:56.053+0000] {processor.py:157} INFO - Started process (PID=274) to work on /opt/airflow/dags/stock_dag.py
[2025-08-21T09:57:56.056+0000] {processor.py:829} INFO - Processing file /opt/airflow/dags/stock_dag.py for tasks to queue
[2025-08-21T09:57:56.058+0000] {logging_mixin.py:151} INFO - [2025-08-21T09:57:56.057+0000] {dagbag.py:539} INFO - Filling up the DagBag from /opt/airflow/dags/stock_dag.py
[2025-08-21T09:57:56.093+0000] {processor.py:839} INFO - DAG(s) dict_keys(['stock_fetch_pipeline']) retrieved from /opt/airflow/dags/stock_dag.py
[2025-08-21T09:57:56.128+0000] {logging_mixin.py:151} INFO - [2025-08-21T09:57:56.128+0000] {dag.py:2915} INFO - Sync 1 DAGs
[2025-08-21T09:57:56.146+0000] {logging_mixin.py:151} INFO - [2025-08-21T09:57:56.146+0000] {dag.py:3696} INFO - Setting next_dagrun for stock_fetch_pipeline to 2025-08-21T09:00:00+00:00, run_after=2025-08-21T10:00:00+00:00
[2025-08-21T09:57:56.156+0000] {processor.py:179} INFO - Processing /opt/airflow/dags/stock_dag.py took 0.116 seconds
