[2025-08-21T08:56:55.519+0000] {manager.py:487} INFO - Processing files using up to 2 processes at a time 
[2025-08-21T08:56:55.520+0000] {manager.py:488} INFO - Process each file at most once every 30 seconds
[2025-08-21T08:56:55.520+0000] {manager.py:489} INFO - Checking for new files in /opt/airflow/dags every 300 seconds
[2025-08-21T08:56:55.520+0000] {manager.py:759} INFO - Searching for files in /opt/airflow/dags
[2025-08-21T08:56:55.525+0000] {manager.py:762} INFO - There are 1 files in /opt/airflow/dags
[2025-08-21T08:56:55.606+0000] {manager.py:893} INFO - 
================================================================================
DAG File Processing Stats

File Path                         PID  Runtime      # DAGs    # Errors  Last Runtime    Last Run
------------------------------  -----  ---------  --------  ----------  --------------  ----------
/opt/airflow/dags/stock_dag.py    167  0.05s             0           0
================================================================================
[2025-08-21T08:57:25.842+0000] {manager.py:893} INFO - 
================================================================================
DAG File Processing Stats

File Path                       PID    Runtime      # DAGs    # Errors  Last Runtime    Last Run
------------------------------  -----  ---------  --------  ----------  --------------  -------------------
/opt/airflow/dags/stock_dag.py                           1           0  0.35s           2025-08-21T08:56:55
================================================================================
[2025-08-21T08:57:56.448+0000] {manager.py:893} INFO - 
================================================================================
DAG File Processing Stats

File Path                         PID  Runtime      # DAGs    # Errors  Last Runtime    Last Run
------------------------------  -----  ---------  --------  ----------  --------------  -------------------
/opt/airflow/dags/stock_dag.py    177  0.01s             1           0  0.10s           2025-08-21T08:57:26
================================================================================
[2025-08-21T08:58:26.707+0000] {manager.py:893} INFO - 
================================================================================
DAG File Processing Stats

File Path                       PID    Runtime      # DAGs    # Errors  Last Runtime    Last Run
------------------------------  -----  ---------  --------  ----------  --------------  -------------------
/opt/airflow/dags/stock_dag.py                           1           0  0.45s           2025-08-21T08:57:56
================================================================================
[2025-08-21T08:58:57.593+0000] {manager.py:893} INFO - 
================================================================================
DAG File Processing Stats

File Path                         PID  Runtime      # DAGs    # Errors  Last Runtime    Last Run
------------------------------  -----  ---------  --------  ----------  --------------  -------------------
/opt/airflow/dags/stock_dag.py    190  0.01s             1           0  0.11s           2025-08-21T08:58:27
================================================================================
[2025-08-21T08:59:27.966+0000] {manager.py:893} INFO - 
================================================================================
DAG File Processing Stats

File Path                         PID  Runtime      # DAGs    # Errors  Last Runtime    Last Run
------------------------------  -----  ---------  --------  ----------  --------------  -------------------
/opt/airflow/dags/stock_dag.py    195  0.01s             1           0  0.13s           2025-08-21T08:58:57
================================================================================
[2025-08-21T08:59:58.354+0000] {manager.py:893} INFO - 
================================================================================
DAG File Processing Stats

File Path                         PID  Runtime      # DAGs    # Errors  Last Runtime    Last Run
------------------------------  -----  ---------  --------  ----------  --------------  -------------------
/opt/airflow/dags/stock_dag.py    200  0.02s             1           0  0.14s           2025-08-21T08:59:28
================================================================================
[2025-08-21T09:00:28.653+0000] {manager.py:893} INFO - 
================================================================================
DAG File Processing Stats

File Path                         PID  Runtime      # DAGs    # Errors  Last Runtime    Last Run
------------------------------  -----  ---------  --------  ----------  --------------  -------------------
/opt/airflow/dags/stock_dag.py    205  0.01s             1           0  0.16s           2025-08-21T08:59:58
================================================================================
[2025-08-21T09:00:59.026+0000] {manager.py:893} INFO - 
================================================================================
DAG File Processing Stats

File Path                         PID  Runtime      # DAGs    # Errors  Last Runtime    Last Run
------------------------------  -----  ---------  --------  ----------  --------------  -------------------
/opt/airflow/dags/stock_dag.py    213  0.02s             1           0  0.25s           2025-08-21T09:00:28
================================================================================
[2025-08-21T09:01:29.398+0000] {manager.py:893} INFO - 
================================================================================
DAG File Processing Stats

File Path                         PID  Runtime      # DAGs    # Errors  Last Runtime    Last Run
------------------------------  -----  ---------  --------  ----------  --------------  -------------------
/opt/airflow/dags/stock_dag.py    221  0.02s             1           0  0.23s           2025-08-21T09:00:59
================================================================================
[2025-08-21T09:01:55.785+0000] {manager.py:759} INFO - Searching for files in /opt/airflow/dags
[2025-08-21T09:01:55.793+0000] {manager.py:762} INFO - There are 1 files in /opt/airflow/dags
[2025-08-21T09:01:59.861+0000] {manager.py:893} INFO - 
================================================================================
DAG File Processing Stats

File Path                         PID  Runtime      # DAGs    # Errors  Last Runtime    Last Run
------------------------------  -----  ---------  --------  ----------  --------------  -------------------
/opt/airflow/dags/stock_dag.py    226  0.01s             1           0  0.24s           2025-08-21T09:01:29
================================================================================
[2025-08-21T09:02:30.432+0000] {manager.py:893} INFO - 
================================================================================
DAG File Processing Stats

File Path                         PID  Runtime      # DAGs    # Errors  Last Runtime    Last Run
------------------------------  -----  ---------  --------  ----------  --------------  -------------------
/opt/airflow/dags/stock_dag.py    234  0.03s             1           0  0.28s           2025-08-21T09:02:00
================================================================================
[2025-08-21T09:03:00.812+0000] {manager.py:893} INFO - 
================================================================================
DAG File Processing Stats

File Path                         PID  Runtime      # DAGs    # Errors  Last Runtime    Last Run
------------------------------  -----  ---------  --------  ----------  --------------  -------------------
/opt/airflow/dags/stock_dag.py    239  0.02s             1           0  0.23s           2025-08-21T09:02:30
================================================================================
[2025-08-21T09:03:31.314+0000] {manager.py:893} INFO - 
================================================================================
DAG File Processing Stats

File Path                         PID  Runtime      # DAGs    # Errors  Last Runtime    Last Run
------------------------------  -----  ---------  --------  ----------  --------------  -------------------
/opt/airflow/dags/stock_dag.py    244  0.02s             1           0  0.16s           2025-08-21T09:03:00
================================================================================
[2025-08-21T09:04:01.711+0000] {manager.py:893} INFO - 
================================================================================
DAG File Processing Stats

File Path                         PID  Runtime      # DAGs    # Errors  Last Runtime    Last Run
------------------------------  -----  ---------  --------  ----------  --------------  -------------------
/opt/airflow/dags/stock_dag.py    249  0.03s             1           0  0.17s           2025-08-21T09:03:31
================================================================================
[2025-08-21T09:04:32.134+0000] {manager.py:893} INFO - 
================================================================================
DAG File Processing Stats

File Path                         PID  Runtime      # DAGs    # Errors  Last Runtime    Last Run
------------------------------  -----  ---------  --------  ----------  --------------  -------------------
/opt/airflow/dags/stock_dag.py    257  0.01s             1           0  0.15s           2025-08-21T09:04:01
================================================================================
[2025-08-21T09:05:02.533+0000] {manager.py:893} INFO - 
================================================================================
DAG File Processing Stats

File Path                         PID  Runtime      # DAGs    # Errors  Last Runtime    Last Run
------------------------------  -----  ---------  --------  ----------  --------------  -------------------
/opt/airflow/dags/stock_dag.py    262  0.03s             1           0  0.13s           2025-08-21T09:04:32
================================================================================
[2025-08-21T09:05:32.893+0000] {manager.py:893} INFO - 
================================================================================
DAG File Processing Stats

File Path                         PID  Runtime      # DAGs    # Errors  Last Runtime    Last Run
------------------------------  -----  ---------  --------  ----------  --------------  -------------------
/opt/airflow/dags/stock_dag.py    267  0.03s             1           0  0.16s           2025-08-21T09:05:02
================================================================================
[2025-08-21T09:06:03.476+0000] {manager.py:893} INFO - 
================================================================================
DAG File Processing Stats

File Path                         PID  Runtime      # DAGs    # Errors  Last Runtime    Last Run
------------------------------  -----  ---------  --------  ----------  --------------  -------------------
/opt/airflow/dags/stock_dag.py    272  0.02s             1           0  0.16s           2025-08-21T09:05:33
================================================================================
[2025-08-21T09:06:33.841+0000] {manager.py:893} INFO - 
================================================================================
DAG File Processing Stats

File Path                         PID  Runtime      # DAGs    # Errors  Last Runtime    Last Run
------------------------------  -----  ---------  --------  ----------  --------------  -------------------
/opt/airflow/dags/stock_dag.py    277  0.02s             1           0  0.13s           2025-08-21T09:06:03
================================================================================
[2025-08-21T09:06:56.115+0000] {manager.py:759} INFO - Searching for files in /opt/airflow/dags
[2025-08-21T09:06:56.127+0000] {manager.py:762} INFO - There are 1 files in /opt/airflow/dags
[2025-08-21T09:07:04.325+0000] {manager.py:893} INFO - 
================================================================================
DAG File Processing Stats

File Path                         PID  Runtime      # DAGs    # Errors  Last Runtime    Last Run
------------------------------  -----  ---------  --------  ----------  --------------  -------------------
/opt/airflow/dags/stock_dag.py    282  0.02s             1           0  0.16s           2025-08-21T09:06:33
================================================================================
[2025-08-21T09:07:34.691+0000] {manager.py:893} INFO - 
================================================================================
DAG File Processing Stats

File Path                         PID  Runtime      # DAGs    # Errors  Last Runtime    Last Run
------------------------------  -----  ---------  --------  ----------  --------------  -------------------
/opt/airflow/dags/stock_dag.py    287  0.02s             1           0  0.15s           2025-08-21T09:07:04
================================================================================
[2025-08-21T09:08:05.096+0000] {manager.py:893} INFO - 
================================================================================
DAG File Processing Stats

File Path                         PID  Runtime      # DAGs    # Errors  Last Runtime    Last Run
------------------------------  -----  ---------  --------  ----------  --------------  -------------------
/opt/airflow/dags/stock_dag.py    292  0.03s             1           0  0.16s           2025-08-21T09:07:34
================================================================================
[2025-08-21T09:08:35.546+0000] {manager.py:893} INFO - 
================================================================================
DAG File Processing Stats

File Path                         PID  Runtime      # DAGs    # Errors  Last Runtime    Last Run
------------------------------  -----  ---------  --------  ----------  --------------  -------------------
/opt/airflow/dags/stock_dag.py    297  0.02s             1           0  0.24s           2025-08-21T09:08:05
================================================================================
[2025-08-21T09:09:05.907+0000] {manager.py:893} INFO - 
================================================================================
DAG File Processing Stats

File Path                         PID  Runtime      # DAGs    # Errors  Last Runtime    Last Run
------------------------------  -----  ---------  --------  ----------  --------------  -------------------
/opt/airflow/dags/stock_dag.py    302  0.03s             1           0  0.16s           2025-08-21T09:08:35
================================================================================
[2025-08-21T09:09:36.357+0000] {manager.py:893} INFO - 
================================================================================
DAG File Processing Stats

File Path                         PID  Runtime      # DAGs    # Errors  Last Runtime    Last Run
------------------------------  -----  ---------  --------  ----------  --------------  -------------------
/opt/airflow/dags/stock_dag.py    307  0.04s             1           0  0.17s           2025-08-21T09:09:06
================================================================================
[2025-08-21T09:10:06.682+0000] {manager.py:893} INFO - 
================================================================================
DAG File Processing Stats

File Path                         PID  Runtime      # DAGs    # Errors  Last Runtime    Last Run
------------------------------  -----  ---------  --------  ----------  --------------  -------------------
/opt/airflow/dags/stock_dag.py    312  0.01s             1           0  0.22s           2025-08-21T09:09:36
================================================================================
[2025-08-21T09:10:37.081+0000] {manager.py:893} INFO - 
================================================================================
DAG File Processing Stats

File Path                         PID  Runtime      # DAGs    # Errors  Last Runtime    Last Run
------------------------------  -----  ---------  --------  ----------  --------------  -------------------
/opt/airflow/dags/stock_dag.py    317  0.01s             1           0  0.13s           2025-08-21T09:10:06
================================================================================
[2025-08-21T09:11:07.426+0000] {manager.py:893} INFO - 
================================================================================
DAG File Processing Stats

File Path                         PID  Runtime      # DAGs    # Errors  Last Runtime    Last Run
------------------------------  -----  ---------  --------  ----------  --------------  -------------------
/opt/airflow/dags/stock_dag.py    322  0.01s             1           0  0.11s           2025-08-21T09:10:37
================================================================================
[2025-08-21T09:11:37.802+0000] {manager.py:893} INFO - 
================================================================================
DAG File Processing Stats

File Path                         PID  Runtime      # DAGs    # Errors  Last Runtime    Last Run
------------------------------  -----  ---------  --------  ----------  --------------  -------------------
/opt/airflow/dags/stock_dag.py    327  0.00s             1           0  0.14s           2025-08-21T09:11:07
================================================================================
[2025-08-21T09:11:57.034+0000] {manager.py:759} INFO - Searching for files in /opt/airflow/dags
[2025-08-21T09:11:57.045+0000] {manager.py:762} INFO - There are 1 files in /opt/airflow/dags
[2025-08-21T09:12:08.210+0000] {manager.py:893} INFO - 
================================================================================
DAG File Processing Stats

File Path                         PID  Runtime      # DAGs    # Errors  Last Runtime    Last Run
------------------------------  -----  ---------  --------  ----------  --------------  -------------------
/opt/airflow/dags/stock_dag.py    332  0.01s             1           0  0.09s           2025-08-21T09:11:37
================================================================================
[2025-08-21T09:12:38.541+0000] {manager.py:893} INFO - 
================================================================================
DAG File Processing Stats

File Path                         PID  Runtime      # DAGs    # Errors  Last Runtime    Last Run
------------------------------  -----  ---------  --------  ----------  --------------  -------------------
/opt/airflow/dags/stock_dag.py    337  0.01s             1           0  0.11s           2025-08-21T09:12:08
================================================================================
[2025-08-21T09:13:08.899+0000] {manager.py:893} INFO - 
================================================================================
DAG File Processing Stats

File Path                         PID  Runtime      # DAGs    # Errors  Last Runtime    Last Run
------------------------------  -----  ---------  --------  ----------  --------------  -------------------
/opt/airflow/dags/stock_dag.py    342  0.00s             1           0  0.09s           2025-08-21T09:12:38
================================================================================
[2025-08-21T09:13:39.495+0000] {manager.py:893} INFO - 
================================================================================
DAG File Processing Stats

File Path                         PID  Runtime      # DAGs    # Errors  Last Runtime    Last Run
------------------------------  -----  ---------  --------  ----------  --------------  -------------------
/opt/airflow/dags/stock_dag.py    347  0.03s             1           0  0.09s           2025-08-21T09:13:08
================================================================================
[2025-08-21T09:27:19.750+0000] {manager.py:759} INFO - Searching for files in /opt/airflow/dags
[2025-08-21T09:27:19.788+0000] {manager.py:762} INFO - There are 1 files in /opt/airflow/dags
[2025-08-21T09:27:37.307+0000] {manager.py:469} INFO - Exiting gracefully upon receiving signal 15
[2025-08-21T09:28:26.004+0000] {manager.py:487} INFO - Processing files using up to 2 processes at a time 
[2025-08-21T09:28:26.005+0000] {manager.py:488} INFO - Process each file at most once every 30 seconds
[2025-08-21T09:28:26.006+0000] {manager.py:489} INFO - Checking for new files in /opt/airflow/dags every 300 seconds
[2025-08-21T09:28:26.007+0000] {manager.py:759} INFO - Searching for files in /opt/airflow/dags
[2025-08-21T09:28:26.013+0000] {manager.py:762} INFO - There are 1 files in /opt/airflow/dags
[2025-08-21T09:28:26.085+0000] {manager.py:893} INFO - 
================================================================================
DAG File Processing Stats

File Path                         PID  Runtime      # DAGs    # Errors  Last Runtime    Last Run
------------------------------  -----  ---------  --------  ----------  --------------  ----------
/opt/airflow/dags/stock_dag.py    166  0.04s             0           0
================================================================================
[2025-08-21T09:28:56.435+0000] {manager.py:893} INFO - 
================================================================================
DAG File Processing Stats

File Path                         PID  Runtime      # DAGs    # Errors  Last Runtime    Last Run
------------------------------  -----  ---------  --------  ----------  --------------  -------------------
/opt/airflow/dags/stock_dag.py    175  0.01s             1           0  0.10s           2025-08-21T09:28:26
================================================================================
[2025-08-21T09:29:26.943+0000] {manager.py:893} INFO - 
================================================================================
DAG File Processing Stats

File Path                         PID  Runtime      # DAGs    # Errors  Last Runtime    Last Run
------------------------------  -----  ---------  --------  ----------  --------------  -------------------
/opt/airflow/dags/stock_dag.py    180  0.02s             1           0  0.26s           2025-08-21T09:28:56
================================================================================
[2025-08-21T09:29:57.426+0000] {manager.py:893} INFO - 
================================================================================
DAG File Processing Stats

File Path                         PID  Runtime      # DAGs    # Errors  Last Runtime    Last Run
------------------------------  -----  ---------  --------  ----------  --------------  -------------------
/opt/airflow/dags/stock_dag.py    185  0.03s             1           0  0.17s           2025-08-21T09:29:27
================================================================================
[2025-08-21T09:30:27.860+0000] {manager.py:893} INFO - 
================================================================================
DAG File Processing Stats

File Path                         PID  Runtime      # DAGs    # Errors  Last Runtime    Last Run
------------------------------  -----  ---------  --------  ----------  --------------  -------------------
/opt/airflow/dags/stock_dag.py    190  0.05s             1           0  0.15s           2025-08-21T09:29:57
================================================================================
[2025-08-21T09:30:58.204+0000] {manager.py:893} INFO - 
================================================================================
DAG File Processing Stats

File Path                         PID  Runtime      # DAGs    # Errors  Last Runtime    Last Run
------------------------------  -----  ---------  --------  ----------  --------------  -------------------
/opt/airflow/dags/stock_dag.py    195  0.01s             1           0  0.17s           2025-08-21T09:30:27
================================================================================
[2025-08-21T09:31:28.618+0000] {manager.py:893} INFO - 
================================================================================
DAG File Processing Stats

File Path                         PID  Runtime      # DAGs    # Errors  Last Runtime    Last Run
------------------------------  -----  ---------  --------  ----------  --------------  -------------------
/opt/airflow/dags/stock_dag.py    200  0.02s             1           0  0.14s           2025-08-21T09:30:58
================================================================================
[2025-08-21T09:31:58.951+0000] {manager.py:893} INFO - 
================================================================================
DAG File Processing Stats

File Path                         PID  Runtime      # DAGs    # Errors  Last Runtime    Last Run
------------------------------  -----  ---------  --------  ----------  --------------  -------------------
/opt/airflow/dags/stock_dag.py    205  0.02s             1           0  0.15s           2025-08-21T09:31:28
================================================================================
[2025-08-21T09:32:29.389+0000] {manager.py:893} INFO - 
================================================================================
DAG File Processing Stats

File Path                         PID  Runtime      # DAGs    # Errors  Last Runtime    Last Run
------------------------------  -----  ---------  --------  ----------  --------------  -------------------
/opt/airflow/dags/stock_dag.py    210  0.02s             1           0  0.34s           2025-08-21T09:31:59
================================================================================
[2025-08-21T09:32:59.806+0000] {manager.py:893} INFO - 
================================================================================
DAG File Processing Stats

File Path                         PID  Runtime      # DAGs    # Errors  Last Runtime    Last Run
------------------------------  -----  ---------  --------  ----------  --------------  -------------------
/opt/airflow/dags/stock_dag.py    215  0.02s             1           0  0.27s           2025-08-21T09:32:29
================================================================================
[2025-08-21T09:33:26.359+0000] {manager.py:759} INFO - Searching for files in /opt/airflow/dags
[2025-08-21T09:33:26.375+0000] {manager.py:762} INFO - There are 1 files in /opt/airflow/dags
[2025-08-21T09:33:30.453+0000] {manager.py:893} INFO - 
================================================================================
DAG File Processing Stats

File Path                       PID    Runtime      # DAGs    # Errors  Last Runtime    Last Run
------------------------------  -----  ---------  --------  ----------  --------------  -------------------
/opt/airflow/dags/stock_dag.py                           1           0  0.32s           2025-08-21T09:33:13
================================================================================
[2025-08-21T09:34:00.853+0000] {manager.py:893} INFO - 
================================================================================
DAG File Processing Stats

File Path                       PID    Runtime      # DAGs    # Errors  Last Runtime    Last Run
------------------------------  -----  ---------  --------  ----------  --------------  -------------------
/opt/airflow/dags/stock_dag.py                           1           0  0.28s           2025-08-21T09:33:43
================================================================================
[2025-08-21T09:34:31.442+0000] {manager.py:893} INFO - 
================================================================================
DAG File Processing Stats

File Path                       PID    Runtime      # DAGs    # Errors  Last Runtime    Last Run
------------------------------  -----  ---------  --------  ----------  --------------  -------------------
/opt/airflow/dags/stock_dag.py                           1           0  0.10s           2025-08-21T09:34:14
================================================================================
[2025-08-21T09:35:01.814+0000] {manager.py:893} INFO - 
================================================================================
DAG File Processing Stats

File Path                       PID    Runtime      # DAGs    # Errors  Last Runtime    Last Run
------------------------------  -----  ---------  --------  ----------  --------------  -------------------
/opt/airflow/dags/stock_dag.py                           1           0  0.14s           2025-08-21T09:34:44
================================================================================
[2025-08-21T09:35:32.329+0000] {manager.py:893} INFO - 
================================================================================
DAG File Processing Stats

File Path                       PID    Runtime      # DAGs    # Errors  Last Runtime    Last Run
------------------------------  -----  ---------  --------  ----------  --------------  -------------------
/opt/airflow/dags/stock_dag.py                           1           0  0.16s           2025-08-21T09:35:15
================================================================================
[2025-08-21T09:51:14.458+0000] {manager.py:759} INFO - Searching for files in /opt/airflow/dags
[2025-08-21T09:51:14.464+0000] {manager.py:762} INFO - There are 1 files in /opt/airflow/dags
[2025-08-21T09:51:27.676+0000] {manager.py:893} INFO - 
================================================================================
DAG File Processing Stats

File Path                       PID    Runtime      # DAGs    # Errors  Last Runtime    Last Run
------------------------------  -----  ---------  --------  ----------  --------------  -------------------
/opt/airflow/dags/stock_dag.py                           1           0  0.06s           2025-08-21T09:51:14
================================================================================
[2025-08-21T09:56:35.721+0000] {manager.py:759} INFO - Searching for files in /opt/airflow/dags
[2025-08-21T09:56:35.732+0000] {manager.py:762} INFO - There are 1 files in /opt/airflow/dags
[2025-08-21T09:56:48.965+0000] {manager.py:893} INFO - 
================================================================================
DAG File Processing Stats

File Path                       PID    Runtime      # DAGs    # Errors  Last Runtime    Last Run
------------------------------  -----  ---------  --------  ----------  --------------  -------------------
/opt/airflow/dags/stock_dag.py                           1           0  0.17s           2025-08-21T09:56:35
================================================================================
[2025-08-21T09:57:19.511+0000] {manager.py:893} INFO - 
================================================================================
DAG File Processing Stats

File Path                       PID    Runtime      # DAGs    # Errors  Last Runtime    Last Run
------------------------------  -----  ---------  --------  ----------  --------------  -------------------
/opt/airflow/dags/stock_dag.py                           1           0  0.23s           2025-08-21T09:56:55
================================================================================
[2025-08-21T09:57:49.908+0000] {manager.py:893} INFO - 
================================================================================
DAG File Processing Stats

File Path                       PID    Runtime      # DAGs    # Errors  Last Runtime    Last Run
------------------------------  -----  ---------  --------  ----------  --------------  -------------------
/opt/airflow/dags/stock_dag.py                           1           0  0.26s           2025-08-21T09:57:25
================================================================================
[2025-08-21T09:58:20.330+0000] {manager.py:893} INFO - 
================================================================================
DAG File Processing Stats

File Path                       PID    Runtime      # DAGs    # Errors  Last Runtime    Last Run
------------------------------  -----  ---------  --------  ----------  --------------  -------------------
/opt/airflow/dags/stock_dag.py                           1           0  0.17s           2025-08-21T09:57:56
================================================================================
[2025-08-21T09:58:50.730+0000] {manager.py:893} INFO - 
================================================================================
DAG File Processing Stats

File Path                       PID    Runtime      # DAGs    # Errors  Last Runtime    Last Run
------------------------------  -----  ---------  --------  ----------  --------------  -------------------
/opt/airflow/dags/stock_dag.py                           1           0  0.14s           2025-08-21T09:58:26
================================================================================
[2025-08-21T09:59:21.162+0000] {manager.py:893} INFO - 
================================================================================
DAG File Processing Stats

File Path                       PID    Runtime      # DAGs    # Errors  Last Runtime    Last Run
------------------------------  -----  ---------  --------  ----------  --------------  -------------------
/opt/airflow/dags/stock_dag.py                           1           0  0.15s           2025-08-21T09:58:56
================================================================================
[2025-08-21T09:59:51.526+0000] {manager.py:893} INFO - 
================================================================================
DAG File Processing Stats

File Path                       PID    Runtime      # DAGs    # Errors  Last Runtime    Last Run
------------------------------  -----  ---------  --------  ----------  --------------  -------------------
/opt/airflow/dags/stock_dag.py                           1           0  0.30s           2025-08-21T09:59:27
================================================================================
[2025-08-21T10:00:21.913+0000] {manager.py:893} INFO - 
================================================================================
DAG File Processing Stats

File Path                       PID    Runtime      # DAGs    # Errors  Last Runtime    Last Run
------------------------------  -----  ---------  --------  ----------  --------------  -------------------
/opt/airflow/dags/stock_dag.py                           1           0  0.16s           2025-08-21T09:59:57
================================================================================
[2025-08-21T10:00:52.314+0000] {manager.py:893} INFO - 
================================================================================
DAG File Processing Stats

File Path                       PID    Runtime      # DAGs    # Errors  Last Runtime    Last Run
------------------------------  -----  ---------  --------  ----------  --------------  -------------------
/opt/airflow/dags/stock_dag.py                           1           0  0.12s           2025-08-21T10:00:28
================================================================================
[2025-08-21T10:01:22.727+0000] {manager.py:893} INFO - 
================================================================================
DAG File Processing Stats

File Path                       PID    Runtime      # DAGs    # Errors  Last Runtime    Last Run
------------------------------  -----  ---------  --------  ----------  --------------  -------------------
/opt/airflow/dags/stock_dag.py                           1           0  0.17s           2025-08-21T10:00:58
================================================================================
[2025-08-21T10:01:35.923+0000] {manager.py:759} INFO - Searching for files in /opt/airflow/dags
[2025-08-21T10:01:35.938+0000] {manager.py:762} INFO - There are 1 files in /opt/airflow/dags
[2025-08-21T10:01:53.262+0000] {manager.py:893} INFO - 
================================================================================
DAG File Processing Stats

File Path                       PID    Runtime      # DAGs    # Errors  Last Runtime    Last Run
------------------------------  -----  ---------  --------  ----------  --------------  -------------------
/opt/airflow/dags/stock_dag.py                           1           0  0.14s           2025-08-21T10:01:28
================================================================================
[2025-08-21T10:02:23.707+0000] {manager.py:893} INFO - 
================================================================================
DAG File Processing Stats

File Path                       PID    Runtime      # DAGs    # Errors  Last Runtime    Last Run
------------------------------  -----  ---------  --------  ----------  --------------  -------------------
/opt/airflow/dags/stock_dag.py                           1           0  0.17s           2025-08-21T10:01:59
================================================================================
[2025-08-21T10:02:54.098+0000] {manager.py:893} INFO - 
================================================================================
DAG File Processing Stats

File Path                       PID    Runtime      # DAGs    # Errors  Last Runtime    Last Run
------------------------------  -----  ---------  --------  ----------  --------------  -------------------
/opt/airflow/dags/stock_dag.py                           1           0  0.16s           2025-08-21T10:02:29
================================================================================
[2025-08-21T10:03:24.787+0000] {manager.py:893} INFO - 
================================================================================
DAG File Processing Stats

File Path                       PID    Runtime      # DAGs    # Errors  Last Runtime    Last Run
------------------------------  -----  ---------  --------  ----------  --------------  -------------------
/opt/airflow/dags/stock_dag.py                           1           0  0.19s           2025-08-21T10:03:00
================================================================================
[2025-08-21T10:03:55.132+0000] {manager.py:893} INFO - 
================================================================================
DAG File Processing Stats

File Path                       PID    Runtime      # DAGs    # Errors  Last Runtime    Last Run
------------------------------  -----  ---------  --------  ----------  --------------  -------------------
/opt/airflow/dags/stock_dag.py                           1           0  0.15s           2025-08-21T10:03:31
================================================================================
[2025-08-21T10:04:25.477+0000] {manager.py:893} INFO - 
================================================================================
DAG File Processing Stats

File Path                       PID    Runtime      # DAGs    # Errors  Last Runtime    Last Run
------------------------------  -----  ---------  --------  ----------  --------------  -------------------
/opt/airflow/dags/stock_dag.py                           1           0  0.15s           2025-08-21T10:04:01
================================================================================
[2025-08-21T10:04:55.940+0000] {manager.py:893} INFO - 
================================================================================
DAG File Processing Stats

File Path                       PID    Runtime      # DAGs    # Errors  Last Runtime    Last Run
------------------------------  -----  ---------  --------  ----------  --------------  -------------------
/opt/airflow/dags/stock_dag.py                           1           0  0.17s           2025-08-21T10:04:31
================================================================================
[2025-08-21T10:05:26.508+0000] {manager.py:893} INFO - 
================================================================================
DAG File Processing Stats

File Path                       PID    Runtime      # DAGs    # Errors  Last Runtime    Last Run
------------------------------  -----  ---------  --------  ----------  --------------  -------------------
/opt/airflow/dags/stock_dag.py                           1           0  0.16s           2025-08-21T10:05:02
================================================================================
[2025-08-21T10:05:56.912+0000] {manager.py:893} INFO - 
================================================================================
DAG File Processing Stats

File Path                       PID    Runtime      # DAGs    # Errors  Last Runtime    Last Run
------------------------------  -----  ---------  --------  ----------  --------------  -------------------
/opt/airflow/dags/stock_dag.py                           1           0  0.14s           2025-08-21T10:05:32
================================================================================
[2025-08-21T10:06:27.336+0000] {manager.py:893} INFO - 
================================================================================
DAG File Processing Stats

File Path                       PID    Runtime      # DAGs    # Errors  Last Runtime    Last Run
------------------------------  -----  ---------  --------  ----------  --------------  -------------------
/opt/airflow/dags/stock_dag.py                           1           0  0.20s           2025-08-21T10:06:03
================================================================================
[2025-08-21T10:06:36.507+0000] {manager.py:759} INFO - Searching for files in /opt/airflow/dags
[2025-08-21T10:06:36.520+0000] {manager.py:762} INFO - There are 1 files in /opt/airflow/dags
[2025-08-21T10:06:57.777+0000] {manager.py:893} INFO - 
================================================================================
DAG File Processing Stats

File Path                       PID    Runtime      # DAGs    # Errors  Last Runtime    Last Run
------------------------------  -----  ---------  --------  ----------  --------------  -------------------
/opt/airflow/dags/stock_dag.py                           1           0  0.15s           2025-08-21T10:06:33
================================================================================
[2025-08-21T10:07:28.155+0000] {manager.py:893} INFO - 
================================================================================
DAG File Processing Stats

File Path                       PID    Runtime      # DAGs    # Errors  Last Runtime    Last Run
------------------------------  -----  ---------  --------  ----------  --------------  -------------------
/opt/airflow/dags/stock_dag.py                           1           0  0.18s           2025-08-21T10:07:04
================================================================================
[2025-08-21T10:07:58.564+0000] {manager.py:893} INFO - 
================================================================================
DAG File Processing Stats

File Path                       PID    Runtime      # DAGs    # Errors  Last Runtime    Last Run
------------------------------  -----  ---------  --------  ----------  --------------  -------------------
/opt/airflow/dags/stock_dag.py                           1           0  0.16s           2025-08-21T10:07:34
================================================================================
[2025-08-21T10:08:28.930+0000] {manager.py:893} INFO - 
================================================================================
DAG File Processing Stats

File Path                       PID    Runtime      # DAGs    # Errors  Last Runtime    Last Run
------------------------------  -----  ---------  --------  ----------  --------------  -------------------
/opt/airflow/dags/stock_dag.py                           1           0  0.15s           2025-08-21T10:08:04
================================================================================
[2025-08-21T10:08:59.375+0000] {manager.py:893} INFO - 
================================================================================
DAG File Processing Stats

File Path                       PID    Runtime      # DAGs    # Errors  Last Runtime    Last Run
------------------------------  -----  ---------  --------  ----------  --------------  -------------------
/opt/airflow/dags/stock_dag.py                           1           0  0.19s           2025-08-21T10:08:35
================================================================================
[2025-08-21T10:09:29.846+0000] {manager.py:893} INFO - 
================================================================================
DAG File Processing Stats

File Path                       PID    Runtime      # DAGs    # Errors  Last Runtime    Last Run
------------------------------  -----  ---------  --------  ----------  --------------  -------------------
/opt/airflow/dags/stock_dag.py                           1           0  0.12s           2025-08-21T10:09:05
================================================================================
[2025-08-21T10:10:00.332+0000] {manager.py:893} INFO - 
================================================================================
DAG File Processing Stats

File Path                       PID    Runtime      # DAGs    # Errors  Last Runtime    Last Run
------------------------------  -----  ---------  --------  ----------  --------------  -------------------
/opt/airflow/dags/stock_dag.py                           1           0  0.17s           2025-08-21T10:09:36
================================================================================
[2025-08-21T10:10:30.693+0000] {manager.py:893} INFO - 
================================================================================
DAG File Processing Stats

File Path                       PID    Runtime      # DAGs    # Errors  Last Runtime    Last Run
------------------------------  -----  ---------  --------  ----------  --------------  -------------------
/opt/airflow/dags/stock_dag.py                           1           0  0.17s           2025-08-21T10:10:06
================================================================================
[2025-08-21T10:11:01.122+0000] {manager.py:893} INFO - 
================================================================================
DAG File Processing Stats

File Path                       PID    Runtime      # DAGs    # Errors  Last Runtime    Last Run
------------------------------  -----  ---------  --------  ----------  --------------  -------------------
/opt/airflow/dags/stock_dag.py                           1           0  0.19s           2025-08-21T10:10:36
================================================================================
[2025-08-21T10:11:31.542+0000] {manager.py:893} INFO - 
================================================================================
DAG File Processing Stats

File Path                       PID    Runtime      # DAGs    # Errors  Last Runtime    Last Run
------------------------------  -----  ---------  --------  ----------  --------------  -------------------
/opt/airflow/dags/stock_dag.py                           1           0  0.16s           2025-08-21T10:11:07
================================================================================
[2025-08-21T10:11:36.606+0000] {manager.py:759} INFO - Searching for files in /opt/airflow/dags
[2025-08-21T10:11:36.616+0000] {manager.py:762} INFO - There are 1 files in /opt/airflow/dags
[2025-08-21T10:12:02.093+0000] {manager.py:893} INFO - 
================================================================================
DAG File Processing Stats

File Path                       PID    Runtime      # DAGs    # Errors  Last Runtime    Last Run
------------------------------  -----  ---------  --------  ----------  --------------  -------------------
/opt/airflow/dags/stock_dag.py                           1           0  0.15s           2025-08-21T10:11:37
================================================================================
[2025-08-21T10:12:32.636+0000] {manager.py:893} INFO - 
================================================================================
DAG File Processing Stats

File Path                       PID    Runtime      # DAGs    # Errors  Last Runtime    Last Run
------------------------------  -----  ---------  --------  ----------  --------------  -------------------
/opt/airflow/dags/stock_dag.py                           1           0  0.13s           2025-08-21T10:12:08
================================================================================
[2025-08-21T10:13:03.057+0000] {manager.py:893} INFO - 
================================================================================
DAG File Processing Stats

File Path                       PID    Runtime      # DAGs    # Errors  Last Runtime    Last Run
------------------------------  -----  ---------  --------  ----------  --------------  -------------------
/opt/airflow/dags/stock_dag.py                           1           0  0.15s           2025-08-21T10:12:38
================================================================================
[2025-08-21T10:13:33.484+0000] {manager.py:893} INFO - 
================================================================================
DAG File Processing Stats

File Path                       PID    Runtime      # DAGs    # Errors  Last Runtime    Last Run
------------------------------  -----  ---------  --------  ----------  --------------  -------------------
/opt/airflow/dags/stock_dag.py                           1           0  0.14s           2025-08-21T10:13:09
================================================================================
[2025-08-21T10:14:03.925+0000] {manager.py:893} INFO - 
================================================================================
DAG File Processing Stats

File Path                       PID    Runtime      # DAGs    # Errors  Last Runtime    Last Run
------------------------------  -----  ---------  --------  ----------  --------------  -------------------
/opt/airflow/dags/stock_dag.py                           1           0  0.20s           2025-08-21T10:13:39
================================================================================
[2025-08-21T10:14:34.344+0000] {manager.py:893} INFO - 
================================================================================
DAG File Processing Stats

File Path                       PID    Runtime      # DAGs    # Errors  Last Runtime    Last Run
------------------------------  -----  ---------  --------  ----------  --------------  -------------------
/opt/airflow/dags/stock_dag.py                           1           0  0.14s           2025-08-21T10:14:10
================================================================================
[2025-08-21T10:15:04.784+0000] {manager.py:893} INFO - 
================================================================================
DAG File Processing Stats

File Path                       PID    Runtime      # DAGs    # Errors  Last Runtime    Last Run
------------------------------  -----  ---------  --------  ----------  --------------  -------------------
/opt/airflow/dags/stock_dag.py                           1           0  0.15s           2025-08-21T10:14:40
================================================================================
[2025-08-21T10:15:35.163+0000] {manager.py:893} INFO - 
================================================================================
DAG File Processing Stats

File Path                       PID    Runtime      # DAGs    # Errors  Last Runtime    Last Run
------------------------------  -----  ---------  --------  ----------  --------------  -------------------
/opt/airflow/dags/stock_dag.py                           1           0  0.15s           2025-08-21T10:15:11
================================================================================
[2025-08-21T10:16:05.566+0000] {manager.py:893} INFO - 
================================================================================
DAG File Processing Stats

File Path                       PID    Runtime      # DAGs    # Errors  Last Runtime    Last Run
------------------------------  -----  ---------  --------  ----------  --------------  -------------------
/opt/airflow/dags/stock_dag.py                           1           0  0.17s           2025-08-21T10:15:41
================================================================================
[2025-08-21T10:16:36.072+0000] {manager.py:893} INFO - 
================================================================================
DAG File Processing Stats

File Path                       PID    Runtime      # DAGs    # Errors  Last Runtime    Last Run
------------------------------  -----  ---------  --------  ----------  --------------  -------------------
/opt/airflow/dags/stock_dag.py                           1           0  0.15s           2025-08-21T10:16:11
================================================================================
[2025-08-21T10:16:37.085+0000] {manager.py:759} INFO - Searching for files in /opt/airflow/dags
[2025-08-21T10:16:37.097+0000] {manager.py:762} INFO - There are 1 files in /opt/airflow/dags
[2025-08-21T10:17:06.595+0000] {manager.py:893} INFO - 
================================================================================
DAG File Processing Stats

File Path                       PID    Runtime      # DAGs    # Errors  Last Runtime    Last Run
------------------------------  -----  ---------  --------  ----------  --------------  -------------------
/opt/airflow/dags/stock_dag.py                           1           0  0.15s           2025-08-21T10:16:42
================================================================================
[2025-08-21T10:17:37.030+0000] {manager.py:893} INFO - 
================================================================================
DAG File Processing Stats

File Path                       PID    Runtime      # DAGs    # Errors  Last Runtime    Last Run
------------------------------  -----  ---------  --------  ----------  --------------  -------------------
/opt/airflow/dags/stock_dag.py                           1           0  0.15s           2025-08-21T10:17:12
================================================================================
[2025-08-21T10:18:07.432+0000] {manager.py:893} INFO - 
================================================================================
DAG File Processing Stats

File Path                       PID    Runtime      # DAGs    # Errors  Last Runtime    Last Run
------------------------------  -----  ---------  --------  ----------  --------------  -------------------
/opt/airflow/dags/stock_dag.py                           1           0  0.15s           2025-08-21T10:17:43
================================================================================
[2025-08-21T10:18:37.831+0000] {manager.py:893} INFO - 
================================================================================
DAG File Processing Stats

File Path                       PID    Runtime      # DAGs    # Errors  Last Runtime    Last Run
------------------------------  -----  ---------  --------  ----------  --------------  -------------------
/opt/airflow/dags/stock_dag.py                           1           0  0.16s           2025-08-21T10:18:13
================================================================================
[2025-08-21T10:19:08.231+0000] {manager.py:893} INFO - 
================================================================================
DAG File Processing Stats

File Path                       PID    Runtime      # DAGs    # Errors  Last Runtime    Last Run
------------------------------  -----  ---------  --------  ----------  --------------  -------------------
/opt/airflow/dags/stock_dag.py                           1           0  0.17s           2025-08-21T10:18:44
================================================================================
[2025-08-21T10:19:38.608+0000] {manager.py:893} INFO - 
================================================================================
DAG File Processing Stats

File Path                       PID    Runtime      # DAGs    # Errors  Last Runtime    Last Run
------------------------------  -----  ---------  --------  ----------  --------------  -------------------
/opt/airflow/dags/stock_dag.py                           1           0  0.14s           2025-08-21T10:19:14
================================================================================
[2025-08-21T10:20:09.004+0000] {manager.py:893} INFO - 
================================================================================
DAG File Processing Stats

File Path                       PID    Runtime      # DAGs    # Errors  Last Runtime    Last Run
------------------------------  -----  ---------  --------  ----------  --------------  -------------------
/opt/airflow/dags/stock_dag.py                           1           0  0.17s           2025-08-21T10:19:44
================================================================================
[2025-08-21T10:20:39.393+0000] {manager.py:893} INFO - 
================================================================================
DAG File Processing Stats

File Path                       PID    Runtime      # DAGs    # Errors  Last Runtime    Last Run
------------------------------  -----  ---------  --------  ----------  --------------  -------------------
/opt/airflow/dags/stock_dag.py                           1           0  0.16s           2025-08-21T10:20:15
================================================================================
[2025-08-21T10:21:09.828+0000] {manager.py:893} INFO - 
================================================================================
DAG File Processing Stats

File Path                       PID    Runtime      # DAGs    # Errors  Last Runtime    Last Run
------------------------------  -----  ---------  --------  ----------  --------------  -------------------
/opt/airflow/dags/stock_dag.py                           1           0  0.20s           2025-08-21T10:20:45
================================================================================
[2025-08-21T10:21:37.244+0000] {manager.py:759} INFO - Searching for files in /opt/airflow/dags
[2025-08-21T10:21:37.261+0000] {manager.py:762} INFO - There are 1 files in /opt/airflow/dags
[2025-08-21T10:21:40.334+0000] {manager.py:893} INFO - 
================================================================================
DAG File Processing Stats

File Path                       PID    Runtime      # DAGs    # Errors  Last Runtime    Last Run
------------------------------  -----  ---------  --------  ----------  --------------  -------------------
/opt/airflow/dags/stock_dag.py                           1           0  0.15s           2025-08-21T10:21:16
================================================================================
[2025-08-21T10:22:10.698+0000] {manager.py:893} INFO - 
================================================================================
DAG File Processing Stats

File Path                       PID    Runtime      # DAGs    # Errors  Last Runtime    Last Run
------------------------------  -----  ---------  --------  ----------  --------------  -------------------
/opt/airflow/dags/stock_dag.py                           1           0  0.21s           2025-08-21T10:21:46
================================================================================
[2025-08-21T10:22:41.057+0000] {manager.py:893} INFO - 
================================================================================
DAG File Processing Stats

File Path                       PID    Runtime      # DAGs    # Errors  Last Runtime    Last Run
------------------------------  -----  ---------  --------  ----------  --------------  -------------------
/opt/airflow/dags/stock_dag.py                           1           0  0.14s           2025-08-21T10:22:16
================================================================================
[2025-08-21T10:23:11.655+0000] {manager.py:893} INFO - 
================================================================================
DAG File Processing Stats

File Path                       PID    Runtime      # DAGs    # Errors  Last Runtime    Last Run
------------------------------  -----  ---------  --------  ----------  --------------  -------------------
/opt/airflow/dags/stock_dag.py                           1           0  0.21s           2025-08-21T10:22:47
================================================================================
[2025-08-21T10:23:42.063+0000] {manager.py:893} INFO - 
================================================================================
DAG File Processing Stats

File Path                       PID    Runtime      # DAGs    # Errors  Last Runtime    Last Run
------------------------------  -----  ---------  --------  ----------  --------------  -------------------
/opt/airflow/dags/stock_dag.py                           1           0  0.17s           2025-08-21T10:23:17
================================================================================
